args:
Namespace(centroid_best_p=False, dim=None, flats_are_vertices=False, handles=19, lines=False, load='./results_strategy_compare_flat_method_without_initial_guess/cat-poses-20/filename.mat', manifold='pB', mean='karcher', number=None, numerical_gradient=False, optimize_from='random', optimize_solver='conjugate', ortho=None, pinv=False, poses=None, recovery=None, save=None, test_data='./results_strategy_compare_flat_method_without_initial_guess/cat-poses-20/filename.mat', visualize=None)
Re-run with:
pymanopt_test_karcher.py --load ./results_strategy_compare_flat_method_without_initial_guess/cat-poses-20/filename.mat --test-data ./results_strategy_compare_flat_method_without_initial_guess/cat-poses-20/filename.mat --handles 19 --optimize-solver conjugate --manifold pB
====================================================
ambient dimension: 108
number of given flats: 7207
given flat orthogonal dimension: 27
affine subspace dimension: 19
use optimization to improve the centroid: random
improve the centroid guess with the optimal p: False
load optimization initial guess from a file: ./results_strategy_compare_flat_method_without_initial_guess/cat-poses-20/filename.mat
test data: ./results_strategy_compare_flat_method_without_initial_guess/cat-poses-20/filename.mat
numerical gradient: False
use pseudoinverse: False
mean: karcher
manifold: pB
optimization cost function: simple
manifold: E^108 x Grassmann( 108, 19 )
====================================================
########### Now we use max iteration 20, for plot data!
Loading initial guess from a file: ./results_strategy_compare_flat_method_without_initial_guess/cat-poses-20/filename.mat
Loading as MATLAB format.
Optimizing the initial guess with the simple original cost function.
Compiling cost function...
Computing gradient of cost function...
Optimizing...
 iter		   cost val	    grad. norm
    0	+4.7150359997154173e+03	4.68472710e+04
    1	+2.6537029855773262e+03	1.28784041e+04
    2	+2.2332072112214519e+03	1.16491936e+04
    3	+1.5849934760027875e+03	9.36349779e+03
    4	+8.6760255102198710e+02	5.32768305e+03
    5	+5.0252899505748866e+02	2.92074356e+03
    6	+2.8900806032562480e+02	3.25995376e+03
    7	+1.9735603312680880e+02	1.63043097e+03
    8	+1.6356919431165431e+02	1.15197809e+03
    9	+1.2734186343193764e+02	1.72856843e+03
   10	+8.5692156625175286e+01	7.55474645e+02
   11	+7.6190080201158509e+01	5.38171910e+02
   12	+7.0407658795701323e+01	4.68064907e+02
   13	+6.0845633651161016e+01	5.30760942e+02
   14	+5.4402005810041821e+01	3.45971855e+02
   15	+5.0210734450681841e+01	5.32954134e+02
   16	+4.5616655396025337e+01	4.03281517e+02
   17	+4.2540944420943497e+01	2.64278386e+02
   18	+4.1166824352199285e+01	2.21496301e+02
   19	+3.9531521198087319e+01	3.44218079e+02
   20	+3.6721755380923966e+01	4.21690538e+02
Terminated - max iterations reached after 337.04 seconds.

Final cost: 36.721755380923966
p2.T:
[[ 1.00482076e+00  4.39834227e-03  1.90529877e-03 -7.86903882e-03  3.30688147e-03  9.88568089e-01 -1.37386546e-03 -3.95608773e-02 -7.23573787e-04  2.36235995e-02  9.67431591e-01  4.77687277e-02  9.97029470e-01 -1.36647974e-04  2.96750357e-03  4.52109027e-03 -6.03172754e-04  1.01760150e+00 -1.12742316e-02  3.60758006e-02  1.19531729e-03  1.00263184e-02  9.89429399e-01  2.15673067e-02  9.96805847e-01  1.41743120e-02  1.19024701e-02  1.40221518e-02 -6.39090020e-03  1.02100675e+00 -1.74772346e-03  3.69913356e-02  3.22810327e-03  1.76564339e-02  1.00092356e+00 -1.24861349e-03  9.97820943e-01 -7.50690579e-03  1.92384747e-02 -2.54486515e-02  9.71657613e-03  9.60692373e-01  1.24022644e-02 -6.31321789e-02 -6.14020537e-03  2.60324734e-02  9.94506742e-01  3.37968528e-02  9.98068993e-01 -7.95332152e-03 -2.59887441e-03 -6.06590016e-03 -6.57317439e-03  1.00264297e+00  5.08632201e-03  2.85676017e-02 -6.16771724e-03  1.00719625e-02  9.97259785e-01  1.40299829e-02  1.00039486e+00 -1.88089308e-02  1.80213753e-02 -4.05954156e-02 -5.78508834e-03  9.84953150e-01 -7.31837372e-03 -2.33356382e-03  5.84932342e-03 -7.56854031e-04  1.01108437e+00  1.31825275e-03  9.97845547e-01 -5.17735909e-03  8.38759593e-04 -2.09854173e-02 -7.99633796e-03  9.75078399e-01  7.77796280e-04 -1.34388038e-02  1.72365517e-03  1.73558963e-02  9.69485039e-01  2.50852570e-02  1.00107564e+00 -1.42746144e-03 -8.95511286e-03  2.54881172e-03  8.23883059e-03  9.93217357e-01  2.10668974e-04 -1.83720736e-02 -2.69637601e-03  1.39966828e-02  9.86941420e-01  2.13244445e-02  1.00830167e+00 -7.07527413e-03  1.26445316e-02 -1.56371892e-02  1.85534564e-03  9.88082838e-01  2.58251680e-02 -2.20359001e-02  4.52130411e-03 -1.08332025e-02  1.00005778e+00 -1.10964008e-02]]
B2.T:
[[-0.04443974  0.16588632 -0.02136891 ... -0.04921766 -0.1232572   0.09647005]
 [ 0.00349517 -0.01130044  0.0280605  ... -0.05281187 -0.07402867 -0.03827515]
 [-0.08091425 -0.00523729  0.09383485 ... -0.03771191 -0.00211479  0.11188738]
 ...
 [ 0.01789569  0.00110866  0.13244256 ...  0.15708571 -0.01758235  0.11735174]
 [ 0.06164552 -0.07176334 -0.14268973 ... -0.1087439   0.1960199  -0.10715015]
 [ 0.16415059 -0.01265119  0.10051799 ... -0.03099605 -0.04955647 -0.06159789]]
Distance to the flat from the origin: 4.121728080691639
|p2 - p2_best|: 77.2440037504681
p2_best.T:
[ 0.44644764  0.48796357 -0.03159887 -0.2402932  -0.95551369  1.2906676  -0.07670876 -0.70829658 -1.30827419 -0.05194916  1.0205582   0.19207105 -0.3697772   0.65818875 -0.07490371 -0.46424374 -1.46927751  1.48721233 -0.35661984 -0.34334421 -0.44270595  0.23329515  0.67030813 -0.2280986  -0.46576444 -0.00911159  0.13224543  0.12678267 -0.65436672  1.00544696 -0.02017639 -0.18321203  0.01169812  0.20759681  0.95610118 -0.17610979  0.02939496  0.47066034 -0.00883532 -0.1208616  -0.48245219  0.781436   -0.2476327  -0.23252057 -1.09825365  0.41353836  0.76532922 -0.42344692  0.17871399  0.09848135  0.04919159 -0.26719907 -0.99223324  0.82734999 -0.11761527 -0.21587604 -0.55417675 -0.11433274  0.73899156 -0.27401695 -0.16597862  0.12048976 -0.08779623 -0.38084394 -0.43673734  1.3359213  -0.091633   -0.40603631 -0.67723208  0.58475607  1.04225423 -0.097891    0.0936802  -0.02265731 -0.15091939 -0.36653947 -0.85318284  1.20517428  0.46599373 -0.08190205 -0.36626098  0.49927579  0.71165938 -0.29945804 -0.32714487  0.43035332  0.03137356 -0.30889767 -0.95376192  1.27587879  0.18492567 -0.19220169 -1.55353521  0.35655899  0.56566134 -0.61827116 -0.13450156  0.23740136  0.1253804  -0.11247206 -0.50729497  1.20398043 -0.49169927 -0.25585204 -0.71034444  0.06270521  0.42223321 -0.24228993]
