The name for the OBJ is: cat-poses
The name for pose folder is: cat-poses
Building flats
The rank of the stack of all pose row matrices is:  108
#handles:  20
Initial guess:  [1.         0.         0.         ... 0.05326843 0.04246373 0.04753639]
Added error:  139.13751949120015
Normalization of 1/(bounding box diagonal * num-vertices): 6.20120909760627e-05
===== Turning off function value normalization; watch termination thresholds! =====
nullspace: False
Underconstrained vertices: 0
f_point_distance_sum value at x0: 4715.035999715417
f: 4715.035999715417 |grad p|: 1.7514596974032561 |grad B|: 46401.494702187636
f_point_distance_sum_and_gradient value at x0: 4715.035999715417
f: 4715.035999715417 |grad p|: 1.7514596974032561 |grad B|: 46401.494702187636
f: 4715.035999715417 |grad p|: 1.7514596974032561 |grad B|: 46401.494702187636
f: 3961.149947459698 |grad p|: 0.6942175843992409 |grad B|: 42157.05125069542
Iteration 1
Added error:  127.53000933608423
f: 2448.2858619958624 |grad p|: 0.649404379030835 |grad B|: 39907.77347309442
Iteration 2
Added error:  100.26118019050136
f: 751.1381773424729 |grad p|: 0.585006316277421 |grad B|: 10255.54107179044
Iteration 3
Added error:  55.534346811234435
f: 2180.0221984994014 |grad p|: 1.0335788377040258 |grad B|: 29021.722054554433
f: 514.2609932433194 |grad p|: 0.6300419939004664 |grad B|: 11060.646140660676
Iteration 4
Added error:  45.95084924568965
f: 434.4495211482509 |grad p|: 0.5870933832746712 |grad B|: 12140.91107328232
Iteration 5
Added error:  42.23489429329901
f: 324.14934122764043 |grad p|: 0.6452801628665429 |grad B|: 7958.386945615362
Iteration 6
Added error:  36.48163734168211
f: 367.439831634819 |grad p|: 0.7474532144940893 |grad B|: 14177.77507330511
f: 278.32745604648693 |grad p|: 0.6864594420823299 |grad B|: 8328.869505761057
Iteration 7
Added error:  33.80490930974905
f: 210.93801811689846 |grad p|: 0.6938920456453475 |grad B|: 6507.0451390764965
Iteration 8
Added error:  29.429249080418504
f: 182.84270313193687 |grad p|: 0.6070433344115813 |grad B|: 9271.07238996629
Iteration 9
Added error:  27.3993693459874
f: 144.29900402424028 |grad p|: 0.5745621354249668 |grad B|: 7198.323987055491
Iteration 10
Added error:  24.340719794874683
f: 123.49896034232711 |grad p|: 0.441112643279492 |grad B|: 6541.033470303958
Iteration 11
Added error:  22.518185938824633
f: 126.24666870275908 |grad p|: 0.37107590836685234 |grad B|: 6492.2807929078535
f: 113.65767318509447 |grad p|: 0.4066407165081137 |grad B|: 5458.275540217914
Iteration 12
Added error:  21.6023565826145
f: 97.1652448187423 |grad p|: 0.33903419676718455 |grad B|: 4132.212538521948
Iteration 13
Added error:  19.973640310606182
f: 121.27306797450113 |grad p|: 0.24809941555702492 |grad B|: 7710.068040297858
f: 92.46270651780543 |grad p|: 0.31089437776242185 |grad B|: 3983.6310595267346
Iteration 14
Added error:  19.484310910411807
f: 84.13202247734947 |grad p|: 0.30320581452462597 |grad B|: 3418.803040830401
Iteration 15
Added error:  18.585849440402896
f: 72.43210841733212 |grad p|: 0.2886618282644589 |grad B|: 3185.8556392674536
Iteration 16
Added error:  17.245163400217752
f: 68.32764051047916 |grad p|: 0.2862089383490508 |grad B|: 4329.4311010991405
Iteration 17
Added error:  16.749427297815796
f: 61.48316574589786 |grad p|: 0.2785623346081324 |grad B|: 3706.4030409095067
Iteration 18
Added error:  15.888388868747969
f: 58.33248346887227 |grad p|: 0.21254022838191 |grad B|: 4289.38153821136
Iteration 19
Added error:  15.475938080596183
f: 53.70878418308667 |grad p|: 0.17668367450649272 |grad B|: 3686.746417624815
Iteration 20
Added error:  14.849930146461476
Warning: Maximum number of iterations has been exceeded.
         Current function value: 53.708784
         Iterations: 20
         Function evaluations: 25
         Gradient evaluations: 25
f: 53.70878418308667 |grad p|: 0.17668367450649272 |grad B|: 3686.746417624815
f_point_distance_sum_and_gradient value at solution: 53.70878418308667
Number of bones: 20
Time for solving(minutes):  1.6588960965474446
Final vertex error RMS is: 14.849930146461476
