The name for the OBJ is: cat-poses
The name for pose folder is: cat-poses
Building flats
The rank of the stack of all pose row matrices is:  108
#handles:  20
Initial guess:  [1.         0.         0.         ... 0.05326843 0.04246373 0.04753639]
Added error:  139.13751949120015
Starting iteration 1
|p - p_canonical|: 3.5831773671102156
Added error:  9.14075062718182
|p - p0|: 3.1136621316829505
B angles with B0 (principal cosine angles): [0.99903971 0.99881672 0.9983377  0.99636773 0.9953846  0.99339602 0.99104235 0.98841204 0.98260165 0.97870569 0.96671839 0.96450215 0.94516752 0.92210478 0.89238329 0.79774066 0.5983123  0.49313597 0.31481623]
|x - x0|: 6.754857003206201
max( x - x0 ): 0.6993301595611315
Starting iteration 2
|p - p_canonical|: 3.5767737151414964
Added error:  7.598297086168128
|p - p0|: 0.1186565802082851
B angles with B0 (principal cosine angles): [0.99999982 0.99999949 0.99999836 0.99999645 0.99999493 0.99998576 0.9999822  0.99997686 0.99994786 0.99993539 0.99985817 0.99974037 0.99935847 0.99918141 0.99867971 0.99784922 0.99751073 0.99359397 0.98794273]
|x - x0|: 6.54115849863518
max( x - x0 ): 0.7469426344752979
Starting iteration 3
|p - p_canonical|: 3.5714023885557524
Added error:  7.051853225834562
|p - p0|: 0.06445182348811797
B angles with B0 (principal cosine angles): [0.99999998 0.99999991 0.99999961 0.99999938 0.99999815 0.99999739 0.99999461 0.99999317 0.99998309 0.99997634 0.99995392 0.99993497 0.99982265 0.99975692 0.999573   0.99923533 0.9988863  0.99877423 0.9968761 ]
|x - x0|: 4.433906256700716
max( x - x0 ): 0.5229185533274537
Starting iteration 4
|p - p_canonical|: 3.5678949313712462
Added error:  6.699501574465855
|p - p0|: 0.04873123854440911
B angles with B0 (principal cosine angles): [0.99999998 0.99999994 0.99999971 0.99999951 0.99999902 0.99999824 0.99999686 0.99999533 0.99998643 0.99998346 0.99995165 0.99994324 0.99991754 0.9998883  0.99978333 0.99944837 0.99931022 0.99916891 0.99880113]
|x - x0|: 2.8693983929420432
max( x - x0 ): 0.7502031575927559
Starting iteration 5
|p - p_canonical|: 3.5650487264122974
Added error:  6.419370311226912
|p - p0|: 0.043033187326385385
B angles with B0 (principal cosine angles): [0.99999998 0.99999995 0.99999974 0.99999955 0.99999927 0.9999986  0.99999763 0.9999962  0.99998712 0.99998492 0.99995695 0.99994945 0.99993348 0.99992193 0.99986178 0.99958748 0.99944709 0.9994016  0.99917728]
|x - x0|: 2.8412924109855653
max( x - x0 ): 0.5380311767901121
Starting iteration 6
|p - p_canonical|: 3.5625149066739734
Added error:  6.182719417807162
|p - p0|: 0.03898377560678784
B angles with B0 (principal cosine angles): [0.99999999 0.99999996 0.99999977 0.99999959 0.99999941 0.99999886 0.9999979  0.99999677 0.99998855 0.99998573 0.99996159 0.99995709 0.99993806 0.99993483 0.99989029 0.99968849 0.99956713 0.99952074 0.99934033]
|x - x0|: 0.3017474862884342
max( x - x0 ): 0.04339464831939435
Starting iteration 7
|p - p_canonical|: 3.5602180599770508
Added error:  5.977431509094671
|p - p0|: 0.03554315057000178
B angles with B0 (principal cosine angles): [0.99999999 0.99999997 0.99999979 0.99999963 0.9999995  0.99999903 0.99999805 0.99999714 0.99999031 0.99998655 0.99996584 0.99996113 0.99994679 0.99993984 0.99990383 0.9997557  0.99966923 0.9995975  0.99944929]
|x - x0|: 7.996097081274415
max( x - x0 ): 0.6585448840371297
Starting iteration 8
|p - p_canonical|: 3.5581272089323615
Added error:  5.796109454367233
|p - p0|: 0.03268865208453288
B angles with B0 (principal cosine angles): [0.99999999 0.99999997 0.99999981 0.99999967 0.99999956 0.99999915 0.99999817 0.99999737 0.9999919  0.99998744 0.99996927 0.99996448 0.99995242 0.99994459 0.99991187 0.99980206 0.99974036 0.99966476 0.99952903]
|x - x0|: 2.0168455305270014
max( x - x0 ): 0.5275090939575061
Starting iteration 9
|p - p_canonical|: 3.556216545099174
Added error:  5.6336312030165825
|p - p0|: 0.030401134219972623
B angles with B0 (principal cosine angles): [0.99999999 0.99999998 0.99999983 0.99999971 0.99999961 0.99999925 0.99999829 0.99999751 0.99999316 0.9999884  0.99997222 0.99996717 0.99995668 0.99994808 0.99991705 0.99983576 0.99978876 0.9997218  0.99959217]
|x - x0|: 2.0133053464285666
max( x - x0 ): 0.5155933701602982
Starting iteration 10
|p - p_canonical|: 3.554460405096559
Added error:  5.486296300835337
|p - p0|: 0.028605588858464235
B angles with B0 (principal cosine angles): [0.99999999 0.99999998 0.99999985 0.99999974 0.99999964 0.99999934 0.99999839 0.99999758 0.99999409 0.99998937 0.99997474 0.99996953 0.99996038 0.99995017 0.99992042 0.99986092 0.99982212 0.99976903 0.9996439 ]
|x - x0|: 0.38967605030851404
max( x - x0 ): 0.06634209513229247
Starting iteration 11
|p - p_canonical|: 3.552830626680293
Added error:  5.351392747897048
|p - p0|: 0.02720336961715112
B angles with B0 (principal cosine angles): [0.99999999 0.99999998 0.99999987 0.99999977 0.99999966 0.99999942 0.99999849 0.99999761 0.99999478 0.99999031 0.99997686 0.99997192 0.99996361 0.99995115 0.99992287 0.9998798  0.99984603 0.99980785 0.99968643]
|x - x0|: 0.5624095042372573
max( x - x0 ): 0.11464005856806556
Starting iteration 12
|p - p_canonical|: 3.55129493969176
Added error:  5.226932768267749
|p - p0|: 0.026092855645690617
B angles with B0 (principal cosine angles): [0.99999999 0.99999999 0.99999988 0.99999979 0.99999968 0.99999949 0.99999859 0.99999763 0.99999531 0.99999115 0.99997873 0.99997436 0.99996635 0.99995156 0.99992533 0.99989404 0.99986372 0.9998396  0.99972147]
|x - x0|: 0.41424591924857307
max( x - x0 ): 0.07465989982200333
Starting iteration 13
|p - p_canonical|: 3.54981790998281
Added error:  5.111465092661715
|p - p0|: 0.02517925876873324
B angles with B0 (principal cosine angles): [0.99999999 0.99999999 0.99999989 0.99999981 0.99999971 0.99999955 0.99999868 0.99999765 0.99999574 0.99999189 0.99998042 0.99997671 0.99996861 0.99995193 0.99992861 0.99990497 0.9998774  0.99986477 0.99975079]
|x - x0|: 2.8368445294369136
max( x - x0 ): 0.5972353756540958
Starting iteration 14
|p - p_canonical|: 3.548364143235062
Added error:  5.003922721794338
|p - p0|: 0.02438193506372077
B angles with B0 (principal cosine angles): [0.99999999 0.99999999 0.9999999  0.99999982 0.99999973 0.99999959 0.99999876 0.99999769 0.99999609 0.99999252 0.99998199 0.9999789  0.99997048 0.99995262 0.99993302 0.99991356 0.99989175 0.99988064 0.99977606]
|x - x0|: 0.2920798949731549
max( x - x0 ): 0.03696064199983182
Starting iteration 15
|p - p_canonical|: 3.5469021678728803
Added error:  4.903495613441111
|p - p0|: 0.023641171953522652
B angles with B0 (principal cosine angles): [0.99999999 0.99999999 0.99999991 0.99999984 0.99999975 0.99999963 0.99999885 0.99999774 0.99999638 0.99999306 0.99998343 0.99998087 0.99997205 0.99995381 0.99993818 0.9999205  0.99990753 0.99988833 0.99979853]
|x - x0|: 1.0964928376722232
max( x - x0 ): 0.23021877334568058
Starting iteration 16
|p - p_canonical|: 3.5454073539974855
Added error:  4.80953370918997
|p - p0|: 0.022921452849513885
B angles with B0 (principal cosine angles): [0.99999999 0.99999999 0.99999992 0.99999985 0.99999978 0.99999965 0.99999893 0.99999781 0.99999662 0.99999353 0.99998472 0.99998264 0.99997344 0.99995553 0.9999435  0.99992644 0.99992059 0.99989354 0.99981888]
|x - x0|: 2.0552322931811156
max( x - x0 ): 0.5562665473284263
Starting iteration 17
|p - p_canonical|: 3.543863021920065
Added error:  4.721485289310515
|p - p0|: 0.022208834870654552
B angles with B0 (principal cosine angles): [0.99999999 0.99999999 0.99999993 0.99999986 0.9999998  0.99999968 0.999999   0.99999789 0.99999683 0.99999395 0.99998586 0.99998419 0.99997473 0.99995773 0.99994862 0.99993297 0.99992925 0.99989798 0.99983734]
|x - x0|: 8.228843140155641
max( x - x0 ): 0.6388739517602127
Starting iteration 18
|p - p_canonical|: 3.5422598721787515
Added error:  4.6388656219676445
|p - p0|: 0.021503887618560348
B angles with B0 (principal cosine angles): [0.99999999 0.99999999 0.99999994 0.99999987 0.99999982 0.9999997  0.99999907 0.99999799 0.99999701 0.99999434 0.9999869  0.9999855  0.99997598 0.9999603  0.99995343 0.9999401  0.99993409 0.99990222 0.99985391]
|x - x0|: 2.0218028167326656
max( x - x0 ): 0.4221430605698902
Starting iteration 19
|p - p_canonical|: 3.5405944641817966
Added error:  4.561243358016538
|p - p0|: 0.02081390241453133
B angles with B0 (principal cosine angles): [1.         0.99999999 0.99999994 0.99999988 0.99999984 0.99999971 0.99999914 0.9999981  0.99999718 0.9999947  0.99998787 0.99998655 0.99997723 0.99996315 0.99995787 0.99994579 0.99993791 0.99990648 0.99986852]
|x - x0|: 0.31891454440738276
max( x - x0 ): 0.047234080031359184
Starting iteration 20
|p - p_canonical|: 3.5388675178527635
Added error:  4.488232944623607
|p - p0|: 0.020147184176380912
B angles with B0 (principal cosine angles): [1.         0.99999999 0.99999995 0.99999989 0.99999985 0.99999973 0.99999921 0.99999821 0.99999734 0.99999504 0.9999888  0.99998736 0.99997845 0.99996618 0.99996179 0.99995032 0.99994121 0.99991083 0.99988117]
|x - x0|: 0.27555542720530574
max( x - x0 ): 0.04284648118504451
Terminated because of too many iterations: 20
Number of bones: 20
Time for solving(minutes):  2.069302833080292
Final vertex error RMS is: 4.488232944623607
