The name for the OBJ is: cat-poses
The name for pose folder is: cat-poses
Building flats
#handles:  20
Initial guess:  [1.         0.         0.         ... 0.05326843 0.04246373 0.04753639]
Added error:  139.13751949120015
Normalization of 1/(bounding box diagonal * num-vertices): 6.20120909760627e-05
Normalization: 0.44692113966448394
Strategy: ['pinv', 'ssv:weighted']
optimize_biquadratic() with strategy: ['pinv', 'ssv:weighted'] f_eps: 0.0 x_eps: 0.0001 max_iter: 20 f_zero_threshold: 0.0 W_projection: None z_strategy: None nullspace: False
Starting iteration 1
W column norm: [2.44310004 0.65748947 0.8871759  0.8897467  1.89011644 0.86575376 0.79473439 0.60372073 0.60884339 0.98963737 0.88756969 0.55616271 1.13846357 0.6286979  0.543782   0.43242615 1.48677015 0.59530404 0.95542142 0.74111348]
Function value: 0.2781013242698642
Added error:  1.4724591377856535
Max sub-function value: 1.9164830476397787
Min sub-function value: 0.0714695885788239
Average sub-function value: 0.6542300540745642
Median sub-function value: 0.5816158487150433
x change (norm): 14.32177457501263
x change (max): 1.1301175831476158
cosine of principal angles of graff manifold: [0.96153609 0.87294576 0.8327277  0.81690003 0.74276077 0.73818958 0.68093526 0.62588454 0.59704032 0.57273192 0.51360108 0.50055638 0.45882321 0.41238262 0.37038163 0.30649817 0.27171254 0.19452975 0.0613143  0.00440267]
| graff cos principal angles - 1 | 2.4194280421596135
flat distance: 1.4399358110868226
cosine of principal angles of B: [0.87251632 0.83300128 0.81385247 0.745887   0.7358047  0.67551897 0.63513932 0.60887918 0.57623771 0.52877759 0.50179145 0.45223755 0.41304741 0.35899441 0.29666732 0.28608614 0.20367194 0.05715815 0.00185751]
| B cos principal angles - 1 | 2.415276445245609
Starting iteration 2
W column norm: [2.42456258 0.64971588 0.91048881 0.89955328 1.9652635  0.87741323 0.80345809 0.6873256  0.67109072 0.98265164 0.87822548 0.57197767 1.22157957 0.6694732  0.55840719 0.48086514 1.56381446 0.61545256 0.98041507 0.78185051]
Function value: 2.5931888913051067e-05
Added error:  1.1301467362801312
Max sub-function value: 0.0024763908047316097
Min sub-function value: 8.803302833371163e-07
Average sub-function value: 7.327038621199691e-05
Median sub-function value: 3.227868374366949e-05
x change (norm): 1.9773666995274068
x change (max): 0.20919559261423615
cosine of principal angles of graff manifold: [0.9996901  0.99923811 0.99888446 0.99861266 0.99814531 0.99779316 0.99690256 0.9957268  0.99394147 0.99279123 0.99205645 0.99134398 0.99037369 0.98522511 0.98399009 0.979218   0.9713665  0.96332409 0.95640902 0.93500637]
| graff cos principal angles - 1 | 0.09775083560633596
flat distance: 0.1355551108085517
cosine of principal angles of B: [0.99924325 0.99888736 0.99860705 0.99818282 0.99778709 0.99697574 0.99567296 0.99404192 0.99276338 0.99228486 0.99151166 0.99049361 0.98522826 0.98419848 0.98138533 0.97291022 0.96349353 0.95633403 0.93638505]
| B cos principal angles - 1 | 0.09583417287612399
Starting iteration 3
W column norm: [2.39780424 0.62239188 0.92069639 0.87298222 1.99552197 0.88982953 0.80735029 0.68794513 0.68010978 0.98157741 0.86113577 0.57432191 1.24623015 0.68604193 0.55883661 0.49491991 1.56066152 0.63155996 0.98503749 0.79601739]
Function value: 1.1224890242491041e-05
Added error:  1.0403274901991042
Max sub-function value: 0.001214545682473256
Min sub-function value: 4.843609175964048e-07
Average sub-function value: 4.316300256832223e-05
Median sub-function value: 1.6361453882396404e-05
x change (norm): 1.1053133951818483
x change (max): 0.09890267253661755
cosine of principal angles of graff manifold: [0.99992781 0.99984211 0.99974313 0.99970495 0.99951505 0.99946944 0.9993918  0.99924287 0.99921947 0.99856055 0.99840242 0.99761957 0.99751632 0.99708101 0.99543232 0.99505025 0.99408307 0.99152278 0.98938472 0.98513818]
| graff cos principal angles - 1 | 0.022650096776022376
flat distance: 0.06494426144415438
cosine of principal angles of B: [0.99984712 0.99974393 0.99969877 0.99951766 0.99945728 0.99939637 0.99924212 0.99921976 0.9985846  0.9983988  0.99761387 0.99743957 0.997099   0.99586944 0.99542508 0.99418573 0.99150794 0.98959069 0.98445448]
| B cos principal angles - 1 | 0.02283453774787341
Starting iteration 4
W column norm: [2.37978428 0.61192648 0.92754166 0.8624079  2.01341216 0.89934484 0.80610046 0.68112098 0.67999744 0.98574002 0.84410657 0.58133085 1.25635219 0.69500178 0.55678476 0.49498107 1.55243228 0.64327397 0.98571059 0.80234338]
Function value: 8.835897467161093e-06
Added error:  0.9864416741559642
Max sub-function value: 0.0008325754593603296
Min sub-function value: 2.3406107629853068e-07
Average sub-function value: 3.657481407155421e-05
Median sub-function value: 1.3588965950939169e-05
x change (norm): 0.8476107922769219
x change (max): 0.08331562624517824
cosine of principal angles of graff manifold: [0.99995465 0.99990378 0.99987598 0.99986533 0.9998397  0.99981933 0.99972568 0.99969198 0.9995942  0.99946299 0.99933803 0.99919232 0.99891561 0.99866483 0.99848389 0.99806293 0.99742671 0.99682832 0.99514872 0.99325159]
| graff cos principal angles - 1 | 0.009827695270191525
flat distance: 0.05082483233500314
cosine of principal angles of B: [0.99990354 0.9998811  0.99986898 0.99983519 0.99981049 0.99972574 0.99969115 0.99959207 0.99948235 0.99932751 0.99916572 0.99892123 0.9987604  0.9984828  0.99810802 0.99741737 0.99675169 0.99523413 0.99320276]
| B cos principal angles - 1 | 0.009827316083750917
Starting iteration 5
W column norm: [2.37087081 0.61341783 0.92868582 0.85893377 2.0190597  0.90235501 0.80346696 0.67601304 0.67741231 0.99015811 0.83266423 0.59071713 1.26107368 0.70093258 0.55414404 0.49091738 1.54825738 0.65278149 0.98755356 0.80673945]
Function value: 7.804746476801103e-06
Added error:  0.9477509735537128
Max sub-function value: 0.0006871748236696451
Min sub-function value: 2.3442229668546588e-07
Average sub-function value: 3.288401222064636e-05
Median sub-function value: 1.1983545853855304e-05
x change (norm): 0.6662471825628601
x change (max): 0.07869081073182993
cosine of principal angles of graff manifold: [0.99997439 0.99993981 0.99992519 0.99990943 0.99990186 0.99988912 0.99984724 0.99980302 0.99976829 0.99970823 0.99962383 0.99951395 0.99942979 0.99930496 0.99921515 0.99903831 0.99848027 0.99810822 0.99721255 0.99535646]
| graff cos principal angles - 1 | 0.006179685057864779
flat distance: 0.03872382756071545
cosine of principal angles of B: [0.99994248 0.99992517 0.99991014 0.99990642 0.9998847  0.99984753 0.99980319 0.99976693 0.99971829 0.9996052  0.99951946 0.99942651 0.99931762 0.99927515 0.99903598 0.99848789 0.99803192 0.99716268 0.99554672]
| B cos principal angles - 1 | 0.0060755810705999695
Starting iteration 6
W column norm: [2.36588925 0.62001426 0.92672707 0.85778582 2.02060843 0.9020589  0.80086836 0.67246916 0.67410019 0.99396467 0.82601419 0.59949222 1.26411355 0.70601654 0.55177097 0.48639754 1.54658304 0.66086348 0.9911875  0.80977226]
Function value: 7.191922945977614e-06
Added error:  0.9169943720864884
Max sub-function value: 0.0006026565416241692
Min sub-function value: 1.596852641227997e-07
Average sub-function value: 3.035501530103667e-05
Median sub-function value: 1.0810948927186814e-05
x change (norm): 0.5401265336119986
x change (max): 0.06666630879204116
cosine of principal angles of graff manifold: [0.9999857  0.99996025 0.99994161 0.99993346 0.99992861 0.99991819 0.99988704 0.99986312 0.99982555 0.9998008  0.99974939 0.99968486 0.99964887 0.99961393 0.99943554 0.99939182 0.99905392 0.99859359 0.99815999 0.99693509]
| graff cos principal angles - 1 | 0.004110763116454651
flat distance: 0.030009546000331618
cosine of principal angles of B: [0.99996236 0.9999411  0.99993484 0.99992654 0.99992078 0.99988804 0.99986519 0.99982427 0.99980255 0.99974937 0.99968994 0.99966427 0.99960506 0.99946852 0.99940443 0.99906603 0.9985491  0.99814453 0.99703453]
| B cos principal angles - 1 | 0.004049738128131719
Starting iteration 7
W column norm: [2.36189693 0.62843969 0.92343437 0.85778335 2.02158695 0.90026412 0.79840576 0.66996566 0.67077359 0.99683669 0.82254441 0.60692266 1.26654546 0.71085201 0.549846   0.48248989 1.54654841 0.6676141  0.9961053  0.81169734]
Function value: 6.771216273745446e-06
Added error:  0.8912294472155827
Max sub-function value: 0.0005624439144846782
Min sub-function value: 1.4309312401650232e-07
Average sub-function value: 2.8416809655824228e-05
Median sub-function value: 9.756415758843673e-06
x change (norm): 0.4628423280538704
x change (max): 0.0546626937797271
cosine of principal angles of graff manifold: [0.99999012 0.99996916 0.99995206 0.99995081 0.99994504 0.99993417 0.99990589 0.99989041 0.99986565 0.99985202 0.99979468 0.99977539 0.99976889 0.99971691 0.99954705 0.99953576 0.99938113 0.99897529 0.99863468 0.99788415]
| graff cos principal angles - 1 | 0.0029145774551556734
flat distance: 0.024901779363833414
cosine of principal angles of B: [0.99997049 0.99995226 0.99995094 0.9999417  0.99993384 0.99990423 0.99989234 0.99987618 0.99985217 0.99979448 0.99978975 0.99977074 0.99971323 0.99956748 0.99954692 0.99939342 0.99895232 0.99863863 0.99792494]
| B cos principal angles - 1 | 0.0028826440556764753
Starting iteration 8
W column norm: [2.35813881 0.63718275 0.91979196 0.8586682  2.02264094 0.89786278 0.79604756 0.66817362 0.66772429 0.99871282 0.82111474 0.61311544 1.26857193 0.71546067 0.54832109 0.47951696 1.54800381 0.67304231 1.00182365 0.81300433]
Function value: 6.453470577164463e-06
Added error:  0.8692800768287895
Max sub-function value: 0.0005702757869037178
Min sub-function value: 1.472054034223902e-07
Average sub-function value: 2.6842380789497775e-05
Median sub-function value: 8.991164920146844e-06
x change (norm): 0.40820117071152967
x change (max): 0.044525072176992864
cosine of principal angles of graff manifold: [0.99999214 0.9999732  0.99996545 0.99996242 0.99995445 0.99994213 0.99992325 0.99990801 0.99990202 0.99987173 0.99984417 0.99982967 0.99980377 0.99977244 0.99964131 0.99960935 0.99955293 0.99924138 0.99895948 0.99845629]
| graff cos principal angles - 1 | 0.0021714489380029994
flat distance: 0.021950556484241688
cosine of principal angles of B: [0.99997431 0.99996489 0.99996059 0.99995177 0.9999415  0.99992426 0.99990952 0.99990797 0.99987168 0.99985331 0.99984101 0.9997974  0.99977303 0.9996528  0.99962237 0.9995594  0.99923447 0.99896557 0.99847313]
| B cos principal angles - 1 | 0.0021522374501653724
Starting iteration 9
W column norm: [2.3546892  0.64550155 0.9162863  0.86030114 2.0233287  0.89542317 0.793736   0.66684477 0.66508729 0.99979325 0.82098649 0.61832756 1.27007201 0.71967661 0.54707922 0.47747106 1.55084394 0.67726169 1.00790537 0.81408773]
Function value: 6.1963512121370424e-06
Added error:  0.8504597628626559
Max sub-function value: 0.0005766646677525245
Min sub-function value: 1.5818007614853968e-07
Average sub-function value: 2.553650333415205e-05
Median sub-function value: 8.491533110444038e-06
x change (norm): 0.36572169545504113
x change (max): 0.036483559558508016
cosine of principal angles of graff manifold: [0.99999329 0.9999773  0.99997385 0.99996817 0.99996285 0.99994904 0.9999357  0.99992631 0.99992133 0.99989468 0.99987275 0.99985843 0.99983165 0.99980692 0.99971344 0.99967731 0.99963761 0.99942004 0.99919975 0.99883193]
| graff cos principal angles - 1 | 0.001671419412732087
flat distance: 0.020166176826411444
cosine of principal angles of B: [0.99997764 0.99997368 0.99996669 0.99995946 0.99995105 0.99993677 0.99992846 0.99992143 0.9998987  0.99987877 0.9998695  0.99982332 0.99980822 0.99971969 0.99969154 0.99963766 0.99942235 0.99920484 0.99883997]
| B cos principal angles - 1 | 0.001657789238307843
Starting iteration 10
W column norm: [2.35175179 0.65303519 0.91311031 0.8625176  2.02302997 0.89331504 0.79137804 0.66578873 0.66290531 1.00031777 0.82166094 0.62278957 1.27088043 0.72327561 0.54602523 0.47619116 1.55482181 0.68045946 1.0139966  0.81517109]
Function value: 5.978009841458075e-06
Added error:  0.8342041236368032
Max sub-function value: 0.0005787832587680342
Min sub-function value: 1.704011625136559e-07
Average sub-function value: 2.4442719264682198e-05
Median sub-function value: 8.056151745483575e-06
x change (norm): 0.33313234347329856
x change (max): 0.030204672779349795
cosine of principal angles of graff manifold: [0.99999389 0.99998165 0.99997806 0.9999713  0.99997008 0.99995432 0.99994612 0.99994055 0.99993316 0.99991738 0.99989098 0.99987344 0.99986179 0.99983237 0.99976529 0.99973961 0.99968671 0.99954406 0.99937086 0.99907681]
| graff cos principal angles - 1 | 0.0013321084170640806
flat distance: 0.01917869222669419
cosine of principal angles of B: [0.99998147 0.99997849 0.99997058 0.99996715 0.99995679 0.99994624 0.99994113 0.9999329  0.99992393 0.99989069 0.99988696 0.99985357 0.99983213 0.99976837 0.99975049 0.99968606 0.99955165 0.99937465 0.99908171]
| B cos principal angles - 1 | 0.001321138993784306
Starting iteration 11
W column norm: [2.34945799 0.65966549 0.91032113 0.8651672  2.02132812 0.89174797 0.78888144 0.66489167 0.66116581 1.00044647 0.82281189 0.62668558 1.27090559 0.72608239 0.54510932 0.4754862  1.55962967 0.68282711 1.01986163 0.8163589 ]
Function value: 5.786435808871271e-06
Added error:  0.8200018922530616
Max sub-function value: 0.0005766527963597667
Min sub-function value: 1.7466321811099306e-07
Average sub-function value: 2.3517255758458393e-05
Median sub-function value: 7.71056256265723e-06
x change (norm): 0.3095769768640429
x change (max): 0.029659844684572376
cosine of principal angles of graff manifold: [0.99999422 0.99998426 0.99998202 0.99997552 0.99997336 0.99995796 0.99995557 0.99994895 0.99994224 0.99993473 0.99990625 0.99988956 0.99988381 0.99985408 0.99980292 0.99978708 0.99972548 0.99963278 0.99948866 0.99922659]
| graff cos principal angles - 1 | 0.0011070878989958123
flat distance: 0.018595373558028743
cosine of principal angles of B: [0.99998422 0.99998211 0.99997504 0.99997173 0.9999601  0.99995554 0.99994884 0.99994223 0.99994029 0.99990521 0.99989593 0.99988071 0.99985402 0.99980401 0.99979555 0.99972511 0.99964292 0.99949125 0.99923065]
| B cos principal angles - 1 | 0.0010974719046505696
Starting iteration 12
W column norm: [2.34784521 0.66544783 0.90792697 0.86814776 2.01808127 0.8908205  0.78618428 0.66411763 0.65983171 1.00025197 0.82425032 0.63015929 1.27014703 0.7280251  0.54431666 0.47519276 1.56499265 0.68452559 1.02537765 0.81769196]
Function value: 5.614599238209608e-06
Added error:  0.8074161490087006
Max sub-function value: 0.000570797037418469
Min sub-function value: 1.697638474240648e-07
Average sub-function value: 2.272331489575674e-05
Median sub-function value: 7.526217046915917e-06
x change (norm): 0.293494249595342
x change (max): 0.02944754923739265
cosine of principal angles of graff manifold: [0.9999945  0.9999869  0.99998432 0.99997961 0.9999753  0.99996326 0.99996028 0.99995498 0.99994872 0.99994712 0.99992016 0.99990998 0.99989337 0.99987151 0.99983236 0.99982153 0.99975731 0.9996976  0.99957039 0.99931169]
| graff cos principal angles - 1 | 0.0009606475069643615
flat distance: 0.018105999990140353
cosine of principal angles of B: [0.99998681 0.99998443 0.99997966 0.99997412 0.99996375 0.99996209 0.99995502 0.99995035 0.99994862 0.99991706 0.99990625 0.99990022 0.99987268 0.99983228 0.99982871 0.99975754 0.99970832 0.9995721  0.99931575]
| B cos principal angles - 1 | 0.0009517535026252977
Starting iteration 13
W column norm: [2.34688014 0.67054466 0.90591944 0.87140585 2.01335729 0.89056936 0.78326316 0.66348692 0.65886202 0.99975319 0.82588684 0.63331819 1.2686729  0.72913065 0.5436517  0.47518827 1.57070645 0.68568059 1.03050465 0.81918207]
Function value: 5.458141322812042e-06
Added error:  0.7960986591629944
Max sub-function value: 0.0005620436473474655
Min sub-function value: 1.6586044271349465e-07
Average sub-function value: 2.2031133417584895e-05
Median sub-function value: 7.385924691405421e-06
x change (norm): 0.28264852154722797
x change (max): 0.029165397044682767
cosine of principal angles of graff manifold: [0.99999484 0.9999896  0.99998519 0.9999831  0.99997729 0.99996861 0.99996239 0.99996032 0.99995516 0.99995307 0.99993371 0.99992196 0.99990243 0.99988487 0.99985563 0.99984613 0.99978307 0.99974601 0.99962906 0.99935855]
| graff cos principal angles - 1 | 0.0008647207885894824
flat distance: 0.017573491518912448
cosine of principal angles of B: [0.9999894  0.9999858  0.99998323 0.99997631 0.99996893 0.99996513 0.99996063 0.99995526 0.99995325 0.99992764 0.99991981 0.99990947 0.99988712 0.99985546 0.99985224 0.99978392 0.99975625 0.99963035 0.99936278]
| B cos principal angles - 1 | 0.0008562709917549677
Starting iteration 14
W column norm: [2.34649004 0.67515986 0.90428174 0.87492178 2.0073442  0.89100033 0.78012868 0.66304637 0.65822114 0.99894869 0.82769388 0.6362384  1.26659181 0.72949156 0.54312655 0.47538646 1.57663695 0.68638954 1.03525278 0.82083055]
Function value: 5.314291133931036e-06
Added error:  0.7857812871697527
Max sub-function value: 0.0005513145296363042
Min sub-function value: 1.657318762227078e-07
Average sub-function value: 2.1417844571370585e-05
Median sub-function value: 7.259735633979858e-06
x change (norm): 0.2748621257408287
x change (max): 0.028834955877480833
cosine of principal angles of graff manifold: [0.99999521 0.99999152 0.99998671 0.99998538 0.99997934 0.99997243 0.99996563 0.99996425 0.99995929 0.99995625 0.99994439 0.99992964 0.99991053 0.9998959  0.99987377 0.99986301 0.99980462 0.99978282 0.99967189 0.99938698]
| graff cos principal angles - 1 | 0.0007987990444546656
flat distance: 0.016990248183907687
cosine of principal angles of B: [0.99999132 0.99998768 0.99998537 0.99997852 0.99997256 0.99996871 0.9999642  0.99995854 0.99995611 0.99993797 0.99992879 0.99991662 0.99989818 0.99987392 0.99986853 0.99980578 0.99979227 0.99967316 0.99939125]
| B cos principal angles - 1 | 0.0007907329949126866
Starting iteration 15
W column norm: [2.34658953 0.67948912 0.90299125 0.87869353 2.000282   0.89210082 0.77681573 0.66284562 0.65788099 0.99783713 0.82967564 0.63897185 1.2640319  0.7292321  0.5427544  0.47572928 1.58270575 0.68672998 1.03965911 0.82263572]
Function value: 5.181273476147298e-06
Added error:  0.7762610703529907
Max sub-function value: 0.000539453237103249
Min sub-function value: 1.689881843347507e-07
Average sub-function value: 2.0866294957203078e-05
Median sub-function value: 7.09370989415703e-06
x change (norm): 0.26855372137256955
x change (max): 0.028468113412785157
cosine of principal angles of graff manifold: [0.99999557 0.99999281 0.99998907 0.99998646 0.99998132 0.99997516 0.99997012 0.99996628 0.99996187 0.99995812 0.99995195 0.99993535 0.99991739 0.99990547 0.99988856 0.99987387 0.99982378 0.99981106 0.99970316 0.99940887]
| graff cos principal angles - 1 | 0.0007493032063429099
flat distance: 0.01639029815441549
cosine of principal angles of B: [0.99999264 0.99998974 0.99998674 0.9999807  0.99997503 0.99997233 0.99996676 0.99996119 0.9999577  0.9999465  0.99993482 0.99992295 0.99990692 0.99988911 0.99987909 0.99982475 0.99981983 0.99970473 0.99941296]
| B cos principal angles - 1 | 0.0007416816097904624
Starting iteration 16
W column norm: [2.34709701 0.6836931  0.90202168 0.88272479 1.99242154 0.89384376 0.7733729  0.66292456 0.65781977 0.99642645 0.83184802 0.64155373 1.26112729 0.72848472 0.54254649 0.47617977 1.58887326 0.68676552 1.04377417 0.82459461]
Function value: 5.057912637486082e-06
Added error:  0.7673879251347161
Max sub-function value: 0.0005271316989245989
Min sub-function value: 1.6344898767783889e-07
Average sub-function value: 2.036374223963414e-05
Median sub-function value: 6.9804617508495426e-06
x change (norm): 0.262818112288093
x change (max): 0.0280727642405198
cosine of principal angles of graff manifold: [0.9999959  0.99999369 0.99999102 0.99998748 0.99998316 0.99997726 0.99997375 0.99996859 0.99996379 0.99995901 0.99995725 0.99993983 0.99992347 0.99991332 0.99990036 0.99988158 0.99984138 0.99983287 0.99972617 0.99943   ]
| graff cos principal angles - 1 | 0.0007081759681244927
flat distance: 0.015799283516104767
cosine of principal angles of B: [0.99999356 0.99999141 0.99998791 0.99998269 0.9999769  0.99997553 0.99996918 0.9999634  0.99995872 0.99995272 0.99993945 0.99992856 0.99991388 0.99990125 0.9998867  0.99984188 0.99984099 0.99972823 0.9994337 ]
| B cos principal angles - 1 | 0.0007010977975619795
Starting iteration 17
W column norm: [2.34794051 0.68788892 0.90134474 0.88701722 1.98400194 0.89618993 0.76985348 0.66330957 0.65801994 0.9947361  0.83422683 0.64400832 1.25800871 0.72737627 0.54251101 0.47671601 1.59512369 0.6865496  1.04765395 0.8267022 ]
Function value: 4.943371450528267e-06
Added error:  0.759054461967984
Max sub-function value: 0.0005148321186725369
Min sub-function value: 1.5768262429105562e-07
Average sub-function value: 1.9900862552797504e-05
Median sub-function value: 6.81722489837e-06
x change (norm): 0.25723814339424506
x change (max): 0.027656118250399986
cosine of principal angles of graff manifold: [0.9999962  0.99999433 0.9999925  0.99998844 0.99998478 0.9999791  0.99997666 0.99997101 0.99996536 0.99996117 0.99995935 0.9999434  0.99992949 0.99991935 0.99990937 0.99988812 0.99985715 0.99985021 0.99974366 0.99945248]
| graff cos principal angles - 1 | 0.0006711137523967201
flat distance: 0.01522741245569943
cosine of principal angles of B: [0.99999423 0.99999269 0.99998893 0.99998442 0.99997859 0.99997819 0.99997153 0.99996535 0.99996023 0.99995649 0.9999432  0.99993367 0.99991945 0.99991072 0.99989318 0.99985805 0.99985667 0.99974624 0.99945565]
| B cos principal angles - 1 | 0.0006646587960168035
Starting iteration 18
W column norm: [2.34905739 0.69215244 0.90093115 0.89156628 1.97523872 0.89909105 0.76630902 0.66401413 0.65846613 0.9927955  0.83682174 0.64635242 1.25479622 0.72602065 0.54265304 0.47732587 1.6014534  0.68612767 1.05135426 0.82895064]
Function value: 4.8369993014058765e-06
Added error:  0.7511862555337024
Max sub-function value: 0.0005028724385627292
Min sub-function value: 1.5243283613131098e-07
Average sub-function value: 1.9470981888997228e-05
Median sub-function value: 6.702199522479191e-06
x change (norm): 0.2516634284323101
x change (max): 0.027224688841272437
cosine of principal angles of graff manifold: [0.99999646 0.99999482 0.99999359 0.99998931 0.99998617 0.99998091 0.9999789  0.99997332 0.99996678 0.9999641  0.99995972 0.99994629 0.99993546 0.99992433 0.99991597 0.9998944  0.99987059 0.99986466 0.99975772 0.9994767 ]
| graff cos principal angles - 1 | 0.0006360165360845513
flat distance: 0.014677021542060454
cosine of principal angles of B: [0.99999476 0.99999364 0.99998981 0.99998588 0.99998082 0.9999798  0.99997373 0.99996719 0.99996279 0.99995812 0.99994626 0.99993837 0.99992429 0.99991797 0.99989949 0.99987114 0.99987012 0.99976075 0.99947927]
| B cos principal angles - 1 | 0.0006302189396550314
Starting iteration 19
W column norm: [2.35039248 0.69652512 0.90075121 0.89635947 1.966318   0.9024931  0.76278563 0.66504084 0.65914367 0.99064106 0.83963391 0.64859728 1.25159405 0.72451529 0.54297477 0.47800282 1.60786294 0.68553831 1.05492613 0.83132881]
Function value: 4.738247799166026e-06
Added error:  0.743732608806723
Max sub-function value: 0.0004914453654132345
Min sub-function value: 1.4788451707659078e-07
Average sub-function value: 1.9069409452408465e-05
Median sub-function value: 6.573448189328701e-06
x change (norm): 0.24605777640319135
x change (max): 0.02678329599684348
cosine of principal angles of graff manifold: [0.99999669 0.99999524 0.99999436 0.9999901  0.99998734 0.99998274 0.99998057 0.99997539 0.99996816 0.99996646 0.99996035 0.99994865 0.99994098 0.99992919 0.99992073 0.99990081 0.99988177 0.99987693 0.99976977 0.99950238]
| graff cos principal angles - 1 | 0.0006019404844032104
flat distance: 0.014148773813968344
cosine of principal angles of B: [0.9999952  0.99999432 0.9999906  0.9999871  0.99998291 0.99998108 0.99997571 0.99996898 0.99996534 0.99995936 0.99994874 0.99994267 0.99992907 0.99992339 0.99990602 0.99988211 0.99988131 0.9997731  0.99950434]
| B cos principal angles - 1 | 0.0005967861398221981
Starting iteration 20
W column norm: [2.35189662 0.7010227  0.90077559 0.90137596 1.95739416 0.90633946 0.75932244 0.66638332 0.66003773 0.98831262 0.84265534 0.65074963 1.24848743 0.7229397  0.54347555 0.47874265 1.61435083 0.68481434 1.05841238 0.83382256]
Function value: 4.646621872972675e-06
Added error:  0.7366585706464448
Max sub-function value: 0.0004806544716413619
Min sub-function value: 1.4414607019119785e-07
Average sub-function value: 1.8692854457558663e-05
Median sub-function value: 6.408156311366042e-06
x change (norm): 0.2404224913926673
x change (max): 0.02633455114827543
cosine of principal angles of graff manifold: [0.99999691 0.99999559 0.9999949  0.99999083 0.99998833 0.99998448 0.99998187 0.99997722 0.99996955 0.99996845 0.9999614  0.99995063 0.99994589 0.99993407 0.99992454 0.99990743 0.99989132 0.99988715 0.99978069 0.99952905]
| graff cos principal angles - 1 | 0.0005684920652255043
flat distance: 0.013643873311216878
cosine of principal angles of B: [0.99999558 0.99999481 0.99999131 0.99998813 0.99998473 0.99998222 0.99997746 0.99997071 0.99996755 0.9999609  0.99995073 0.99994661 0.99993389 0.9999277  0.9999128  0.99989247 0.99988961 0.99978417 0.99953048]
| B cos principal angles - 1 | 0.000563929102171141
Terminating due to too many iterations:  20
Terminated after 21 iterations.
Number of bones: 20
Time for solving(minutes):  2.0678431034088134
Final vertex error RMS is: 0.7366585706464448
