The name for the OBJ is: cheburashka
The name for pose folder is: cheburashka
Building flats
The rank of the stack of all pose row matrices is:  132
#handles:  11
Initial guess:  [1.         0.         0.         ... 0.11952465 0.1260321  0.07291527]
Added error:  50.55694354346467
Normalization of 1/(bounding box diagonal * num-vertices): 0.00011770989132688545
===== Turning off function value normalization; watch termination thresholds! =====
nullspace: False
Underconstrained vertices: 0
f_point_distance_sum value at x0: 228.2069857071888
f: 228.20698570718884 |grad p|: 0.626958213367937 |grad B|: 805.0897118025172
f_point_distance_sum_and_gradient value at x0: 228.20698570718884
f: 228.20698570718884 |grad p|: 0.626958213367937 |grad B|: 805.0897118025172
f: 228.20698570718884 |grad p|: 0.626958213367937 |grad B|: 805.0897118025172
f: 3479.209856721276 |grad p|: 1.6235952670716989 |grad B|: 16821.40712549851
f: 175.2418259774392 |grad p|: 0.38455538345660917 |grad B|: 594.111939630729
Iteration 1
Added error:  44.30321344739331
f: 105.35322884629568 |grad p|: 0.32842165883035174 |grad B|: 402.75340396778
Iteration 2
Added error:  34.351069914612545
f: 176.23335715869797 |grad p|: 0.4722624823405 |grad B|: 1280.840285815652
f: 81.89748570359833 |grad p|: 0.3432022962639712 |grad B|: 417.24361561195525
Iteration 3
Added error:  30.2866771183852
f: 54.39348074107414 |grad p|: 0.32168901225478885 |grad B|: 262.87410233319724
Iteration 4
Added error:  24.68253540792876
f: 97.53208377469096 |grad p|: 0.33737532412728255 |grad B|: 601.8381359095721
f: 46.571976029774646 |grad p|: 0.2955944078147052 |grad B|: 199.61633356973326
Iteration 5
Added error:  22.839083684679093
f: 44.80350475696493 |grad p|: 0.2859262852040689 |grad B|: 244.73623572858747
Iteration 6
Added error:  22.4012543515177
f: 41.56394824104328 |grad p|: 0.28084217414342555 |grad B|: 220.0487872967218
Iteration 7
Added error:  21.576189154877813
f: 37.20842659052198 |grad p|: 0.28089935895016227 |grad B|: 208.77495069620431
Iteration 8
Added error:  20.414417670928934
f: 30.11257858348257 |grad p|: 0.2542942833830571 |grad B|: 151.93681318825742
Iteration 9
Added error:  18.36497393798789
f: 37.35518127732888 |grad p|: 0.25519634414814907 |grad B|: 338.205690613812
f: 27.654460965685566 |grad p|: 0.24448020681621427 |grad B|: 138.70544366545116
Iteration 10
Added error:  17.59944376515022
f: 24.903980434278598 |grad p|: 0.21844048074831107 |grad B|: 110.84870685625086
Iteration 11
Added error:  16.70131727582353
f: 21.160952307656316 |grad p|: 0.18398013422259285 |grad B|: 79.110244396264
Iteration 12
Added error:  15.3951508026649
f: 28.998528029789917 |grad p|: 0.14867297958391257 |grad B|: 253.50072955610838
f: 20.24730305999888 |grad p|: 0.16693846121694525 |grad B|: 66.47403835705573
Iteration 13
Added error:  15.059131819274732
f: 18.802394314789634 |grad p|: 0.1548375482023232 |grad B|: 57.0273903949426
Iteration 14
Added error:  14.511854698348156
f: 19.699600779867534 |grad p|: 0.15019063557649795 |grad B|: 133.8733292405192
f: 18.253686632374464 |grad p|: 0.1486324407431665 |grad B|: 67.401452278264
Iteration 15
Added error:  14.298538150431163
f: 17.350760696041647 |grad p|: 0.14302432391994174 |grad B|: 63.05636049608725
Iteration 16
Added error:  13.940411805068116
f: 15.948123859179647 |grad p|: 0.13580343860287253 |grad B|: 60.82233321307265
Iteration 17
Added error:  13.365067088867294
f: 15.215251328352883 |grad p|: 0.10228879089647548 |grad B|: 91.32038746613702
Iteration 18
Added error:  13.054369720360379
f: 13.985880193549036 |grad p|: 0.09335363064646184 |grad B|: 81.73038034405869
Iteration 19
Added error:  12.515875805450701
f: 14.935555118348924 |grad p|: 0.09513000679662063 |grad B|: 122.54630752553487
f: 13.537162194859903 |grad p|: 0.09177552716418935 |grad B|: 82.4181504777407
Iteration 20
Added error:  12.313461572662826
Warning: Maximum number of iterations has been exceeded.
         Current function value: 13.537162
         Iterations: 20
         Function evaluations: 28
         Gradient evaluations: 28
f: 13.537162194859903 |grad p|: 0.09177552716418935 |grad B|: 82.4181504777407
f_point_distance_sum_and_gradient value at solution: 13.537162194859903
Number of bones: 11
Time for solving(minutes):  1.255004100004832
Final vertex error RMS is: 12.313461572662826
