args:
Namespace(centroid_best_p=False, dim=None, flats_are_vertices=False, handles=10, lines=False, load='./results_strategy_compare_flat_method_without_initial_guess/cheburashka-11/filename.mat', manifold='pB', mean='karcher', number=None, numerical_gradient=False, optimize_from='random', optimize_solver='conjugate', ortho=None, pinv=False, poses=None, recovery=None, save=None, test_data='./results_strategy_compare_flat_method_without_initial_guess/cheburashka-11/filename.mat', visualize=None)
Re-run with:
pymanopt_test_karcher.py --load ./results_strategy_compare_flat_method_without_initial_guess/cheburashka-11/filename.mat --test-data ./results_strategy_compare_flat_method_without_initial_guess/cheburashka-11/filename.mat --handles 10 --optimize-solver conjugate --manifold pB
====================================================
ambient dimension: 132
number of given flats: 6669
given flat orthogonal dimension: 33
affine subspace dimension: 10
use optimization to improve the centroid: random
improve the centroid guess with the optimal p: False
load optimization initial guess from a file: ./results_strategy_compare_flat_method_without_initial_guess/cheburashka-11/filename.mat
test data: ./results_strategy_compare_flat_method_without_initial_guess/cheburashka-11/filename.mat
numerical gradient: False
use pseudoinverse: False
mean: karcher
manifold: pB
optimization cost function: simple
manifold: E^132 x Grassmann( 132, 10 )
====================================================
########### Now we use max iteration 20, for plot data!
Loading initial guess from a file: ./results_strategy_compare_flat_method_without_initial_guess/cheburashka-11/filename.mat
Loading as MATLAB format.
Optimizing the initial guess with the simple original cost function.
Compiling cost function...
Computing gradient of cost function...
Optimizing...
 iter		   cost val	    grad. norm
    0	+2.2820698570718881e+02	1.40253171e+03
    1	+1.7314845211939419e+02	4.99935855e+02
    2	+1.5292760623833379e+02	4.45760570e+02
    3	+1.2103626818416870e+02	4.73989911e+02
    4	+9.6484731884128763e+01	2.66734951e+02
    5	+8.4015231185428220e+01	3.17935339e+02
    6	+6.7107356305047901e+01	3.51247830e+02
    7	+6.0671715385878514e+01	1.82381085e+02
    8	+5.7914770747428094e+01	1.51321615e+02
    9	+5.4681474138462193e+01	1.62549289e+02
   10	+5.0032143217726777e+01	1.88538052e+02
   11	+4.7406234919818452e+01	9.34041590e+01
   12	+4.6455719007406323e+01	8.83100791e+01
   13	+4.4864969453980812e+01	9.36931487e+01
   14	+4.0999952917552797e+01	2.18398194e+02
   15	+3.8186156238404656e+01	1.08882529e+02
   16	+3.6061328986642380e+01	1.10010839e+02
   17	+3.3428872691044255e+01	1.46540332e+02
   18	+3.1307681813145162e+01	5.93510762e+01
   19	+3.0998551290505961e+01	5.72197320e+01
   20	+3.0138419729091247e+01	4.61448590e+01
Terminated - max iterations reached after 364.10 seconds.

Final cost: 30.138419729091247
p2.T:
[[ 9.07132499e-01  2.20303887e-02 -8.35507508e-02  6.82300165e-02 -9.72010947e-03  9.84623641e-01  1.45645876e-02  6.30160232e-03  1.41630766e-01 -1.98009813e-02  8.57461233e-01 -5.43909200e-02  1.01604622e+00  1.63098217e-02  4.04994324e-02 -4.77045020e-02 -3.34269845e-02  9.85763317e-01  3.24672373e-02  3.19741530e-02 -5.02207240e-02 -4.87693140e-02  1.01703258e+00  5.91606239e-02  9.85889155e-01  1.28574405e-02  1.80800186e-02  1.05755781e-03 -1.97829634e-02  1.04988967e+00  1.53742981e-02 -1.63053925e-02 -5.77399376e-02 -6.21930784e-03  1.02704120e+00  9.82143319e-03  9.86991084e-01 -5.97917696e-03  3.67578783e-04 -1.36159215e-03  3.46601110e-02  1.00409897e+00  1.38934372e-02  1.28131686e-02 -2.51945595e-02  1.47781966e-02  1.01418589e+00  3.82182519e-02  9.75409275e-01  2.78336150e-02 -4.93173035e-02  1.72841412e-02  1.13090517e-02  9.96000299e-01  1.70266894e-02  1.45875319e-02  7.62510293e-02 -4.56173770e-03  9.94177129e-01  1.61897885e-04  1.01164651e+00 -4.71791507e-02  1.59116388e-02  1.20223985e-02  1.14759799e-02  9.35896638e-01  4.03909374e-02 -5.36280506e-04  4.75204926e-02 -5.51996921e-02  9.98091339e-01 -1.22222842e-02  1.01647059e+00  3.35109982e-02 -3.79695339e-02  9.53653513e-04  4.24239333e-02  9.65534207e-01  9.30459977e-03 -1.27633140e-03  9.94521562e-03 -3.09447887e-02  9.77606596e-01  1.91789927e-02  1.03106725e+00  3.12085964e-02  1.40000065e-02 -2.90183975e-02 -3.17277387e-02  9.96152366e-01 -1.27916313e-02  1.63424979e-02 -3.78984672e-02 -4.62877633e-03  1.01501035e+00 -5.35499113e-03  9.55439546e-01  9.01166210e-03  2.91230870e-02 -1.48490254e-02  2.27331865e-02  1.01890465e+00  1.80915413e-02 -3.49747684e-02 -2.58178403e-02  4.13787803e-02  9.71142055e-01 -3.86499667e-03  1.02726713e+00 -3.42368008e-03 -1.00124068e-02 -1.43014835e-02  2.31311041e-02  9.87952312e-01  2.95241358e-02 -4.37300362e-02 -5.69314659e-02  4.29884405e-02  1.01562767e+00 -2.49940726e-03  9.79577255e-01 -2.19778084e-02  1.35962152e-02  8.12958464e-03
   2.81923595e-02  1.04584705e+00  3.55600492e-02 -4.72452249e-02  1.76026683e-02  2.58681061e-02  9.63216127e-01 -1.98039906e-02]]
B2.T:
[[-0.06842451 -0.04538871  0.07921035 ... -0.07613385 -0.10455025  0.10610998]
 [ 0.10344726  0.13067359 -0.02646458 ...  0.15715834 -0.10831559  0.1105516 ]
 [-0.01935584 -0.01840868 -0.09123043 ...  0.01412217  0.0136881   0.0942262 ]
 ...
 [ 0.00631312  0.16814346  0.12727755 ... -0.01907884  0.03918531 -0.02265737]
 [ 0.16045324  0.18690354  0.13123473 ...  0.14031055  0.0629747   0.04505301]
 [ 0.06015535 -0.18934679 -0.11317469 ...  0.13974547  0.11981365 -0.02891633]]
Distance to the flat from the origin: 4.874476896149703
|p2 - p2_best|: 87.14448248243237
p2_best.T:
[ 0.3107782  -0.28124651 -0.55344873  0.25479908 -0.41559391  0.76048239 -0.20012099 -0.14481756  0.0704074  -0.44076953  1.15627023 -0.87066641  0.57944462 -0.00287744  0.28301793 -0.43552242 -0.21999119  0.87638147  0.02359009 -0.07393824 -0.21033748 -0.10397064  1.22910923 -0.55159477  0.76055431 -0.5092809  -0.12170196 -0.1784382  -0.35962275  0.90118046  0.26538071 -0.29128517 -0.21883324 -0.30255985  0.63134797 -0.31486555  0.7953176  -0.42582186  0.29322768 -0.58749942 -0.4077052   0.56129968 -0.38701046 -0.1449836  -0.45744138 -0.17688441  0.37010898 -0.06078753  0.65022793 -0.19375802 -0.28905618 -0.31782313 -0.42763502  0.80176136 -0.31950253 -0.21637626 -0.09501684 -0.32407315  0.40089301  0.07979271  0.68628446 -0.16813415 -0.37372157 -0.31834409 -0.23841518  0.65794215  0.68523226 -0.93603755 -0.09161628 -0.23232415  1.3112928  -0.55596928  0.66023643 -0.46581653 -0.36509296 -0.04488893 -0.42006625  0.8548807  -0.3398966  -0.13669398 -0.24115109 -0.21950257  0.73872378 -0.16126823  0.67606028 -0.39434418  0.10123359 -0.0267894  -0.29951364  0.84585493  0.06946016 -0.34976126 -0.36836304 -0.01909482  0.92179487 -0.42684059  0.87281487 -0.16520201 -0.30983573 -0.37483737 -0.31365989  0.67965888 -0.00434087 -0.20840313 -0.3964837  -0.09250177  1.21399257 -0.65208108  0.72723417 -0.54461291 -0.03319731 -0.21004998 -0.32183767  0.65709058  0.56453526 -0.74641504 -0.39415362 -0.12029624  0.99117082 -0.51184497  0.73442327 -0.10783493 -0.11616772 -0.4073442  -0.28712867  0.9077372   0.10142684 -0.31195304 -0.27483333 -0.26176719  0.89024234 -0.32396781]
