The name for the OBJ is: cheburashka
The name for pose folder is: cheburashka
Building flats
#handles:  11
Initial guess:  [1.         0.         0.         ... 0.11952465 0.1260321  0.07291527]
Added error:  50.55694354346467
Normalization of 1/(bounding box diagonal * num-vertices): 0.00011770989132688545
Normalization: 0.7850072652589991
Strategy: ['pinv', 'ssv:weighted']
optimize_biquadratic() with strategy: ['pinv', 'ssv:weighted'] f_eps: 0.0 x_eps: 0.0001 max_iter: 20 f_zero_threshold: 0.0 W_projection: None z_strategy: None nullspace: False
Starting iteration 1
W column norm: [99.77501578  8.12671067  9.33888112 16.90701283 23.35744036 26.44282297 10.59081062 20.47180902 11.24915653  3.24016202 10.43474825]
Function value: 0.029927953356437907
Added error:  2.541164638710925
Max sub-function value: 0.1308847875219623
Min sub-function value: 7.471350656018672e-05
Average sub-function value: 0.03421907118116497
Median sub-function value: 0.029960713014595797
x change (norm): 35.75152381249977
x change (max): 4.059209647356078
cosine of principal angles of graff manifold: [0.99355896 0.64422318 0.45004163 0.4064338  0.26629962 0.24169228 0.19710898 0.18282513 0.10892118 0.05981812 0.01831011]
| graff cos principal angles - 1 | 2.4184349804060066
flat distance: 0.6601372885027453
cosine of principal angles of B: [0.64424236 0.45164987 0.39540878 0.25673191 0.23937419 0.19659765 0.1373358  0.09175276 0.05424081 0.03569371]
| B cos principal angles - 1 | 2.44186116352111
Starting iteration 2
W column norm: [124.26616394   9.38511125  11.80699992  19.10379945  28.36127022  34.97783384  12.04199749  23.66980615  13.21429352   4.15200125  11.23048085]
Function value: 6.369942192010979e-05
Added error:  1.846278458747048
Max sub-function value: 0.0012946727462201935
Min sub-function value: 1.3705634778204967e-06
Average sub-function value: 8.645143428030359e-05
Median sub-function value: 3.7108389856044255e-05
x change (norm): 9.60856969302585
x change (max): 1.3966683410464094
cosine of principal angles of graff manifold: [0.99983685 0.99675757 0.99314564 0.99074631 0.98661078 0.98501013 0.98052836 0.96561409 0.91443423 0.89195934 0.84861795]
| graff cos principal angles - 1 | 0.20980816133462413
flat distance: 0.1031461580690295
cosine of principal angles of B: [0.99672817 0.99301901 0.99074068 0.98671927 0.98502549 0.98042002 0.9660543  0.91248854 0.89187854 0.84845239]
| B cos principal angles - 1 | 0.21070514702981044
Starting iteration 3
W column norm: [136.53265621   9.84188343  12.92028054  20.53048397  31.17142277  39.92998098  12.31039498  25.89291754  14.07507281   4.7591197   11.62918049]
Function value: 3.130449057767838e-05
Added error:  1.6103837511531534
Max sub-function value: 0.0006178813388784121
Min sub-function value: 1.0302901536363152e-06
Average sub-function value: 4.563530962738194e-05
Median sub-function value: 2.3276467778998722e-05
x change (norm): 5.271255999134827
x change (max): 0.643658622479075
cosine of principal angles of graff manifold: [0.99994325 0.99927623 0.99792158 0.99705903 0.99608255 0.99537571 0.99469302 0.99114731 0.98416638 0.9823731  0.9782189 ]
| graff cos principal angles - 1 | 0.03453387539451534
flat distance: 0.06091514377051749
cosine of principal angles of B: [0.99926532 0.99791302 0.9970688  0.99613513 0.99537863 0.99443121 0.99142206 0.98433965 0.98201576 0.97804798]
| B cos principal angles - 1 | 0.03471231006579917
Starting iteration 4
W column norm: [142.13897661  10.04898376  13.36479367  21.36642226  32.35932485  43.37068904  12.36238626  27.26811748  14.49697244   5.24467011  11.80420525]
Function value: 2.281397413952589e-05
Added error:  1.4922689025632965
Max sub-function value: 0.00038596425869208417
Min sub-function value: 9.24554141690237e-07
Average sub-function value: 3.471885195082827e-05
Median sub-function value: 1.925266131763692e-05
x change (norm): 3.2828226685404363
x change (max): 0.39851122593393473
cosine of principal angles of graff manifold: [0.99997379 0.99970282 0.99920801 0.99898483 0.99858884 0.9980992  0.9980019  0.99714409 0.99572736 0.99431153 0.98809395]
| graff cos principal angles - 1 | 0.014555681880548522
flat distance: 0.041410049355610976
cosine of principal angles of B: [0.9997007  0.9992094  0.99899134 0.99857147 0.99808681 0.99799485 0.99702075 0.99573905 0.99444244 0.98806752]
| B cos principal angles - 1 | 0.014551833886980193
Starting iteration 5
W column norm: [145.07304754  10.1878201   13.60446187  21.68570538  33.10434235  46.01624949  12.49548722  27.96112697  14.82228211   5.56815735  11.87132222]
Function value: 1.8861841188340173e-05
Added error:  1.4195723128936293
Max sub-function value: 0.00027147308411468174
Min sub-function value: 7.549188083544323e-07
Average sub-function value: 2.9812663201613e-05
Median sub-function value: 1.7020791618804765e-05
x change (norm): 2.434418947169656
x change (max): 0.2741952666050491
cosine of principal angles of graff manifold: [0.99998872 0.99982141 0.99967054 0.99946967 0.99939604 0.9991794  0.99898541 0.9985159  0.99802761 0.99653141 0.99320788]
| graff cos principal angles - 1 | 0.008169843845040856
flat distance: 0.027392068427482926
cosine of principal angles of B: [0.99982147 0.99967015 0.99947159 0.99937667 0.99916889 0.99896586 0.99845987 0.9980273  0.99661111 0.99321325]
| B cos principal angles - 1 | 0.00814718744032825
Starting iteration 6
W column norm: [147.1670955   10.30137923  13.80397142  21.74488426  33.66894693  48.31060926  12.65530745  28.23275637  15.12916545   5.76653255  11.88296067]
Function value: 1.646494117853543e-05
Added error:  1.3652713314706677
Max sub-function value: 0.00021643305986085437
Min sub-function value: 6.630498070592239e-07
Average sub-function value: 2.6978738394014994e-05
Median sub-function value: 1.4810489881611488e-05
x change (norm): 2.0312523771053916
x change (max): 0.21490244742952624
cosine of principal angles of graff manifold: [0.99999441 0.99988635 0.99976136 0.99964094 0.99960777 0.99955463 0.99935692 0.99895269 0.99874566 0.99746234 0.99512894]
| graff cos principal angles - 1 | 0.005813923113888463
flat distance: 0.01930506765610975
cosine of principal angles of B: [0.9998864  0.999764   0.99964097 0.99956896 0.99955467 0.99936241 0.99893665 0.9987465  0.99752828 0.99517004]
| B cos principal angles - 1 | 0.005755700131879121
Starting iteration 7
W column norm: [149.00226632  10.39986923  13.99424712  21.71506741  34.09524167  50.44036176  12.78369319  28.28550474  15.42717653   5.89507178  11.8737163 ]
Function value: 1.4731834694896146e-05
Added error:  1.3203633973731308
Max sub-function value: 0.00020165179354503238
Min sub-function value: 6.501592473284745e-07
Average sub-function value: 2.4954250930320957e-05
Median sub-function value: 1.3161551324358811e-05
x change (norm): 1.782739664487209
x change (max): 0.19044811883451296
cosine of principal angles of graff manifold: [0.99999631 0.99992196 0.99979998 0.99974726 0.9997248  0.99965634 0.99953931 0.99920367 0.99901687 0.9979828  0.99637329]
| graff cos principal angles - 1 | 0.004397601549591672
flat distance: 0.01568739336812757
cosine of principal angles of B: [0.99992199 0.99980156 0.9997468  0.99970233 0.99964722 0.99955029 0.99920104 0.99901658 0.99805426 0.9964268 ]
| B cos principal angles - 1 | 0.004322496126004537
Starting iteration 8
W column norm: [150.73249794  10.4882908   14.17731814  21.67055193  34.3874834   52.45911243  12.8630669   28.22807917  15.71471344   5.98842802  11.86126046]
Function value: 1.3375935855711427e-05
Added error:  1.2823360638510988
Max sub-function value: 0.00020154707034869546
Min sub-function value: 5.47707502462913e-07
Average sub-function value: 2.333960754733222e-05
Median sub-function value: 1.1982852718972481e-05
x change (norm): 1.5683069531581706
x change (max): 0.17776086493972443
cosine of principal angles of graff manifold: [0.99999732 0.99994267 0.99983608 0.99981094 0.99979277 0.99972119 0.99964173 0.99937372 0.99919377 0.9983445  0.99738928]
| graff cos principal angles - 1 | 0.0033035892994941578
flat distance: 0.01341050606888308
cosine of principal angles of B: [0.99994261 0.99983682 0.99980845 0.99978086 0.99971059 0.99965111 0.99937497 0.99919371 0.99841815 0.99743611]
| B cos principal angles - 1 | 0.0032305793715160986
Starting iteration 9
W column norm: [152.36323882  10.56918478  14.35248574  21.63822051  34.55388286  54.35650416  12.8975562   28.11001607  15.98813493   6.06509412  11.85267754]
Function value: 1.22965800851462e-05
Added error:  1.2502298935384064
Max sub-function value: 0.00019820911145096431
Min sub-function value: 4.811195051246386e-07
Average sub-function value: 2.2014575164774525e-05
Median sub-function value: 1.0995113468581508e-05
x change (norm): 1.364291914526823
x change (max): 0.16299212837567723
cosine of principal angles of graff manifold: [0.99999799 0.99995509 0.99987305 0.99986094 0.99982683 0.99977547 0.99971154 0.99950434 0.99934028 0.99864558 0.99815741]
| graff cos principal angles - 1 | 0.0024721620028204843
flat distance: 0.011651688404350664
cosine of principal angles of B: [0.99995485 0.99987241 0.99985724 0.99982164 0.99976477 0.99971866 0.99950703 0.99934043 0.99871852 0.99818693]
| B cos principal angles - 1 | 0.0024109053136107594
Starting iteration 10
W column norm: [153.8560798   10.64387099  14.51991834  21.62519033  34.61294769  56.10939805  12.89746435  27.95478536  16.24320143   6.13432081  11.8494128 ]
Function value: 1.1434498948868327e-05
Added error:  1.2231882806808192
Max sub-function value: 0.00019329846456184185
Min sub-function value: 4.3396527260597395e-07
Average sub-function value: 2.0926006406058653e-05
Median sub-function value: 1.030882646801956e-05
x change (norm): 1.1815785166295696
x change (max): 0.14410162659781456
cosine of principal angles of graff manifold: [0.99999844 0.99996378 0.99990476 0.99989366 0.99985297 0.99982167 0.99976132 0.99961338 0.9994624  0.99891229 0.99866772]
| graff cos principal angles - 1 | 0.0018784650947185604
flat distance: 0.010288004624536889
cosine of principal angles of B: [0.99996343 0.99990279 0.99989143 0.99984992 0.99981234 0.99976559 0.99961664 0.9994627  0.9989863  0.99867477]
| B cos principal angles - 1 | 0.0018315916314297358
Starting iteration 11
W column norm: [155.17920553  10.7132393   14.68037516  21.63107035  34.58951092  57.70727013  12.87293221  27.77718445  16.47639698   6.2003964   11.85034735]
Function value: 1.0740529022471258e-05
Added error:  1.2003104972510112
Max sub-function value: 0.0001878877971268622
Min sub-function value: 3.4142288107830154e-07
Average sub-function value: 2.003056590311022e-05
Median sub-function value: 9.759556114374845e-06
x change (norm): 1.0295828421139668
x change (max): 0.12684379823283698
cosine of principal angles of graff manifold: [0.99999875 0.9999707  0.99992719 0.99991658 0.99987633 0.99985971 0.99979665 0.99970138 0.99956243 0.99915933 0.998958  ]
| graff cos principal angles - 1 | 0.0014705692046674652
flat distance: 0.009240851219160292
cosine of principal angles of B: [0.99997033 0.99992515 0.9999148  0.99987406 0.99985241 0.99979839 0.9997048  0.99956293 0.9992244  0.99895475]
| B cos principal angles - 1 | 0.0014367721891659641
Starting iteration 12
W column norm: [156.32259454  10.77791569  14.83471742  21.6529352   34.50888969  59.15441326  12.8322423   27.58873108  16.68577046   6.26509724  11.8535631 ]
Function value: 1.017388995204262e-05
Added error:  1.1807714905736582
Max sub-function value: 0.00018252598168455592
Min sub-function value: 2.854646314887077e-07
Average sub-function value: 1.9288293446116448e-05
Median sub-function value: 9.277565367504792e-06
x change (norm): 0.9084298463138347
x change (max): 0.11165940395503426
cosine of principal angles of graff manifold: [0.99999896 0.99997633 0.99994297 0.99993226 0.99989731 0.99988975 0.99982286 0.9997678  0.99964229 0.99936294 0.99912356]
| graff cos principal angles - 1 | 0.0011909466749395285
flat distance: 0.008438782868777733
cosine of principal angles of B: [0.99997598 0.99994119 0.99993062 0.99989518 0.99988411 0.99982309 0.99977124 0.99964306 0.99941236 0.99912071]
| B cos principal angles - 1 | 0.0011673787604153199
Starting iteration 13
W column norm: [157.29464881  10.83830555  14.98366692  21.68726029  34.39274239  60.46370496  12.78167037  27.3982847   16.87097554   6.32901348  11.85722086]
Function value: 9.703235260866173e-06
Added error:  1.1638890939382636
Max sub-function value: 0.00017744236844841055
Min sub-function value: 2.4331874293181954e-07
Average sub-function value: 1.8665443505672764e-05
Median sub-function value: 8.863218258881034e-06
x change (norm): 0.8130792624052915
x change (max): 0.0974672000265322
cosine of principal angles of graff manifold: [0.9999991  0.99998072 0.99995456 0.99994297 0.99991547 0.9999127  0.99984364 0.99981562 0.999705   0.99951119 0.99923599]
| graff cos principal angles - 1 | 0.0009942658851142775
flat distance: 0.007821603792382345
cosine of principal angles of B: [0.99998041 0.999953   0.99994154 0.99991322 0.99990822 0.9998429  0.99981932 0.99970604 0.99954862 0.99923378]
| B cos principal angles - 1 | 0.000978027122971991
Starting iteration 14
W column norm: [158.1139985   10.89467931  15.12775869  21.73069326  34.25751619  61.65101485  12.7257432   27.21196925  17.03286933   6.39222393  11.85989579]
Function value: 9.305667087709431e-06
Added error:  1.149124957067313
Max sub-function value: 0.00017271143629482566
Min sub-function value: 2.036634185742514e-07
Average sub-function value: 1.8135510855265416e-05
Median sub-function value: 8.532419693452198e-06
x change (norm): 0.7376083718334923
x change (max): 0.08635430492340657
cosine of principal angles of graff manifold: [0.99999921 0.99998401 0.99996339 0.99995069 0.999932   0.99992836 0.99986196 0.99984843 0.99975419 0.99961683 0.99932217]
| graff cos principal angles - 1 | 0.0008500022995807158
flat distance: 0.007329256653399045
cosine of principal angles of B: [0.99998373 0.99996199 0.99994964 0.99992933 0.99992482 0.99985984 0.99985332 0.99975539 0.99964584 0.99932014]
| B cos principal angles - 1 | 0.0008387622661132811
Starting iteration 15
W column norm: [158.80277296  10.94725438  15.2673811   21.78037464  34.11471831  62.73213405  12.66758441  27.03347248  17.17304533   6.45462703  11.86063925]
Function value: 8.964727734388024e-06
Added error:  1.1360607126849158
Max sub-function value: 0.00016834015245770217
Min sub-function value: 1.6214269926706493e-07
Average sub-function value: 1.767832484792296e-05
Median sub-function value: 8.279941428490645e-06
x change (norm): 0.6769974531529035
x change (max): 0.07931683966269443
cosine of principal angles of graff manifold: [0.99999929 0.99998645 0.99997028 0.9999567  0.99994555 0.99993929 0.9998816  0.99986762 0.99979303 0.99969271 0.99939344]
| graff cos principal angles - 1 | 0.0007391264438779449
flat distance: 0.006907645324895667
cosine of principal angles of B: [0.99998618 0.99996899 0.99995616 0.9999431  0.99993578 0.99988105 0.99987097 0.99979428 0.99971576 0.99939145]
| B cos principal angles - 1 | 0.0007312127755801066
Starting iteration 16
W column norm: [159.38264531  10.99624275  15.40283342  21.83404462  33.97194077  63.72148843  12.60925274  26.8646248   17.29346603   6.51609329  11.85892603]
Function value: 8.66850793975307e-06
Added error:  1.1243720403755182
Max sub-function value: 0.00016430657581967267
Min sub-function value: 1.3170512680460433e-07
Average sub-function value: 1.727864487795937e-05
Median sub-function value: 8.06557698673771e-06
x change (norm): 0.6274439879772638
x change (max): 0.07248886450543557
cosine of principal angles of graff manifold: [0.99999937 0.99998828 0.99997567 0.99996185 0.99995557 0.99994728 0.99989981 0.9998795  0.99982397 0.9997481  0.99945512]
| graff cos principal angles - 1 | 0.0006502519443573624
flat distance: 0.006522375717266605
cosine of principal angles of B: [0.99998803 0.99997446 0.9999618  0.9999535  0.9999436  0.99990034 0.99988187 0.9998252  0.99976685 0.99945318]
| B cos principal angles - 1 | 0.0006445294767212968
Starting iteration 17
W column norm: [159.87301542  11.04186883  15.53437115  21.89002759  33.8339581   64.63175138  12.5520337   26.70600535  17.39621804   6.57652353  11.85456255]
Function value: 8.408240223137174e-06
Added error:  1.1138070109185432
Max sub-function value: 0.00016057696084015305
Min sub-function value: 1.1002083510902594e-07
Average sub-function value: 1.692492181986673e-05
Median sub-function value: 7.874002722729756e-06
x change (norm): 0.5861871614179748
x change (max): 0.06605813566772101
cosine of principal angles of graff manifold: [0.99999944 0.99998968 0.99997985 0.9999668  0.99996238 0.99995302 0.99991459 0.9998885  0.99984881 0.99978932 0.99950975]
| graff cos principal angles - 1 | 0.0005766746743084902
flat distance: 0.006160843125744836
cosine of principal angles of B: [0.99998945 0.99997869 0.99996689 0.99996093 0.99994926 0.99991547 0.99989059 0.99984998 0.99980487 0.99950789]
| B cos principal angles - 1 | 0.0005723905954720122
Starting iteration 18
W column norm: [160.29047862  11.08437068  15.66223479  21.94715169  33.70362922  65.47385852  12.49667158  26.55743678  17.48336432   6.63586029  11.84759188]
Function value: 8.177345891048738e-06
Added error:  1.1041691519176011
Max sub-function value: 0.0001571141504816964
Min sub-function value: 9.335334638649329e-08
Average sub-function value: 1.6608350085889763e-05
Median sub-function value: 7.674989165096235e-06
x change (norm): 0.5512537971727219
x change (max): 0.06066313977939908
cosine of principal angles of graff manifold: [0.9999995  0.99999079 0.99998305 0.99997146 0.99996687 0.99995709 0.99992643 0.99989584 0.99986885 0.99982062 0.99955858]
| graff cos principal angles - 1 | 0.0005144127893964883
flat distance: 0.005823722757124982
cosine of principal angles of B: [0.99999058 0.99998192 0.99997143 0.9999661  0.99995339 0.99992744 0.9998978  0.99987001 0.99983369 0.99955686]
| B cos principal angles - 1 | 0.0005110701522042134
Starting iteration 19
W column norm: [160.64877207  11.12399406  15.78665188  22.00465878  33.58254928  66.25708535  12.44353854  26.41832637  17.55685687   6.69407969  11.8382093 ]
Function value: 7.970793668555322e-06
Added error:  1.0953045836359383
Max sub-function value: 0.00015388191720511202
Min sub-function value: 8.154298569706953e-08
Average sub-function value: 1.6322166949482177e-05
Median sub-function value: 7.552535645771741e-06
x change (norm): 0.5212225169185263
x change (max): 0.05775241416608101
cosine of principal angles of graff manifold: [0.99999955 0.99999167 0.99998546 0.9999753  0.9999702  0.99995993 0.99993597 0.99990218 0.99988498 0.99984486 0.99960227]
| graff cos principal angles - 1 | 0.00046102247370614365
flat distance: 0.005515655331664729
cosine of principal angles of B: [0.99999148 0.99998436 0.99997522 0.99996986 0.99995643 0.99993702 0.99990403 0.99988627 0.9998559  0.99960073]
| B cos principal angles - 1 | 0.00045829097072983823
Starting iteration 20
W column norm: [160.95906362  11.16098411  15.90784078  22.0621073   33.47149874  66.98921683  12.39276152  26.2878958   17.61848968   6.75117969  11.82669716]
Function value: 7.784689477158708e-06
Added error:  1.0870920309163796
Max sub-function value: 0.00015340899818649945
Min sub-function value: 7.406101509843666e-08
Average sub-function value: 1.6061141431504272e-05
Median sub-function value: 7.354889016042421e-06
x change (norm): 0.4950655235031633
x change (max): 0.0546664874224394
cosine of principal angles of graff manifold: [0.99999959 0.99999239 0.99998725 0.99997829 0.99997289 0.99996193 0.99994371 0.99990826 0.99989762 0.99986395 0.99964126]
| graff cos principal angles - 1 | 0.0004149101797212461
flat distance: 0.005239382359957699
cosine of principal angles of B: [0.99999221 0.99998619 0.99997824 0.99997276 0.99995869 0.99994475 0.99990978 0.99989941 0.99987317 0.99963994]
| B cos principal angles - 1 | 0.0004125682987595271
Terminating due to too many iterations:  20
Terminated after 21 iterations.
Number of bones: 11
Time for solving(minutes):  1.4919225811958312
Final vertex error RMS is: 1.0870920309163796
