The name for the OBJ is: cheburashka
The name for pose folder is: cheburashka
Building flats
The rank of the stack of all pose row matrices is:  132
#handles:  11
Initial guess:  [1.         0.         0.         ... 0.11952465 0.1260321  0.07291527]
Added error:  50.55694354346467
Starting iteration 1
|p - p_canonical|: 2.0984545552621467
Added error:  8.666124925039464
|p - p0|: 2.081848856411507
B angles with B0 (principal cosine angles): [0.98172601 0.97514067 0.93338241 0.90435706 0.88916488 0.79317862 0.71815083 0.69233571 0.12547097 0.02142983]
|x - x0|: 5.110994408885422
max( x - x0 ): 0.5239168861678162
Starting iteration 2
|p - p_canonical|: 2.0894759601011796
Added error:  8.378645756639813
|p - p0|: 0.10802335433931017
B angles with B0 (principal cosine angles): [0.999997   0.99997937 0.99997813 0.99995558 0.99989378 0.9998807  0.99972035 0.99868462 0.99677638 0.9844906 ]
|x - x0|: 5.644886622557972
max( x - x0 ): 0.7331369923909785
Starting iteration 3
|p - p_canonical|: 2.0815435739113957
Added error:  8.236288761913213
|p - p0|: 0.06475309207933798
B angles with B0 (principal cosine angles): [0.99999828 0.9999952  0.99998767 0.99998295 0.99995326 0.99993454 0.99991727 0.9995044  0.99889648 0.99480751]
|x - x0|: 4.895314338484562
max( x - x0 ): 0.7246854353914017
Starting iteration 4
|p - p_canonical|: 2.0727563990719085
Added error:  8.118592538240447
|p - p0|: 0.057161179866633535
B angles with B0 (principal cosine angles): [0.99999835 0.99999583 0.99998846 0.99998424 0.99996498 0.99993891 0.99992203 0.99956423 0.99902511 0.99679622]
|x - x0|: 2.0037729948360017
max( x - x0 ): 0.5695917179160241
Starting iteration 5
|p - p_canonical|: 2.062865486193411
Added error:  8.010561036991911
|p - p0|: 0.055246554337451514
B angles with B0 (principal cosine angles): [0.99999843 0.99999605 0.99998897 0.99998539 0.99996995 0.99994236 0.99992395 0.99958819 0.99904201 0.99754924]
|x - x0|: 0.2645154108683105
max( x - x0 ): 0.04846740263876349
Starting iteration 6
|p - p_canonical|: 2.0521775172747243
Added error:  7.906943040386825
|p - p0|: 0.05435576305751509
B angles with B0 (principal cosine angles): [0.9999985  0.99999616 0.99998943 0.99998627 0.9999721  0.99994529 0.99992597 0.99960796 0.99906436 0.99792657]
|x - x0|: 0.2803271603421
max( x - x0 ): 0.050601706767580024
Starting iteration 7
|p - p_canonical|: 2.0410647175006926
Added error:  7.805060504043572
|p - p0|: 0.053394450491878284
B angles with B0 (principal cosine angles): [0.99999855 0.99999623 0.99998986 0.99998679 0.99997332 0.9999478  0.99992817 0.99962819 0.99910297 0.99814607]
|x - x0|: 0.2738384505922822
max( x - x0 ): 0.046661448933135716
Starting iteration 8
|p - p_canonical|: 2.0298263325396495
Added error:  7.7034208258049945
|p - p0|: 0.052130238229506
B angles with B0 (principal cosine angles): [0.99999859 0.9999963  0.99999027 0.99998708 0.99997432 0.99994995 0.99993047 0.99964897 0.99915607 0.998297  ]
|x - x0|: 0.265491163637489
max( x - x0 ): 0.04321975841620085
Starting iteration 9
|p - p_canonical|: 2.018676656481248
Added error:  7.601207214158706
|p - p0|: 0.05056410503034332
B angles with B0 (principal cosine angles): [0.99999862 0.99999638 0.99999067 0.99998726 0.99997529 0.99995184 0.9999328  0.99966972 0.99922046 0.99841899]
|x - x0|: 0.285722818834781
max( x - x0 ): 0.05116649941755767
Starting iteration 10
|p - p_canonical|: 2.0077633612740504
Added error:  7.498032158263753
|p - p0|: 0.0487536181584339
B angles with B0 (principal cosine angles): [0.99999865 0.99999646 0.99999106 0.9999874  0.99997627 0.99995352 0.99993512 0.99969023 0.99929281 0.99852892]
|x - x0|: 2.0194106385626873
max( x - x0 ): 0.4286358443003253
Starting iteration 11
|p - p_canonical|: 1.997186783428089
Added error:  7.3938097859843035
|p - p0|: 0.04676082254476562
B angles with B0 (principal cosine angles): [0.99999868 0.99999655 0.99999145 0.99998752 0.99997722 0.99995505 0.99993738 0.99971055 0.9993697  0.99863376]
|x - x0|: 0.4515731884768657
max( x - x0 ): 0.0855981364181091
Starting iteration 12
|p - p_canonical|: 1.987014020014797
Added error:  7.288684445155789
|p - p0|: 0.044639075952704735
B angles with B0 (principal cosine angles): [0.99999872 0.99999665 0.99999184 0.99998766 0.99997813 0.99995647 0.99993957 0.99973084 0.99944765 0.99873645]
|x - x0|: 0.7649737808281113
max( x - x0 ): 0.1677617504127093
Starting iteration 13
|p - p_canonical|: 1.9772881433533303
Added error:  7.182982359189653
|p - p0|: 0.04243188352064778
B angles with B0 (principal cosine angles): [0.99999875 0.99999675 0.99999221 0.99998782 0.99997898 0.99995782 0.99994164 0.99975128 0.99952328 0.9988383 ]
|x - x0|: 0.6763975774700026
max( x - x0 ): 0.16513323857486806
Starting iteration 14
|p - p_canonical|: 1.968034051611722
Added error:  7.077170604552224
|p - p0|: 0.040174869111296974
B angles with B0 (principal cosine angles): [0.99999878 0.99999684 0.99999257 0.99998804 0.99997976 0.99995917 0.99994355 0.99977211 0.99959361 0.9989398 ]
|x - x0|: 2.0138136853374995
max( x - x0 ): 0.603292065915201
Starting iteration 15
|p - p_canonical|: 1.959262308141208
Added error:  6.971818261655062
|p - p0|: 0.03789825538713198
B angles with B0 (principal cosine angles): [0.99999882 0.99999693 0.99999292 0.99998832 0.99998047 0.99996055 0.99994529 0.99979368 0.99965617 0.99904089]
|x - x0|: 2.0223645385707907
max( x - x0 ): 0.6258428151764968
Starting iteration 16
|p - p_canonical|: 1.9509719063734663
Added error:  6.867559314683169
|p - p0|: 0.03562922102741206
B angles with B0 (principal cosine angles): [0.99999885 0.99999701 0.99999325 0.99998867 0.99998108 0.999962   0.99994683 0.99981644 0.99970918 0.999141  ]
|x - x0|: 4.464077368200573
max( x - x0 ): 0.7707466936640255
Starting iteration 17
|p - p_canonical|: 1.9431525163547845
Added error:  6.765057360957493
|p - p0|: 0.03339388620829202
B angles with B0 (principal cosine angles): [0.99999889 0.99999708 0.99999355 0.9999891  0.9999816  0.99996353 0.99994816 0.99984061 0.99975185 0.99923916]
|x - x0|: 2.0217114809643575
max( x - x0 ): 0.5876174862750918
Starting iteration 18
|p - p_canonical|: 1.9357864922800392
Added error:  6.66497164486712
|p - p0|: 0.0312185696617664
B angles with B0 (principal cosine angles): [0.99999892 0.99999713 0.99999383 0.99998958 0.99998201 0.99996514 0.99994933 0.99986543 0.99978497 0.99933402]
|x - x0|: 2.0318507694212196
max( x - x0 ): 0.5120308658376369
Starting iteration 19
|p - p_canonical|: 1.9288507476126
Added error:  6.567924944265484
|p - p0|: 0.029129930814104057
B angles with B0 (principal cosine angles): [0.99999896 0.99999716 0.99999407 0.99999011 0.99998232 0.9999668  0.99995038 0.99988906 0.99981086 0.99942406]
|x - x0|: 0.4823828125139577
max( x - x0 ): 0.07846756348757267
Starting iteration 20
|p - p_canonical|: 1.9223185030062933
Added error:  6.474475799258021
|p - p0|: 0.02715387851918424
B angles with B0 (principal cosine angles): [0.99999899 0.99999717 0.99999428 0.99999066 0.99998253 0.99996846 0.99995148 0.99990967 0.99983206 0.99950773]
|x - x0|: 2.030093776362559
max( x - x0 ): 0.3603793452333355
Terminated because of too many iterations: 20
Number of bones: 11
Time for solving(minutes):  1.936785066127777
Final vertex error RMS is: 6.474475799258021
