Using our gradient functions, not automatic finite differencing ones.
uncorrelated data shape
(6669, 10)
All pts #:  6669
initial guess (points are columns):
[[ 6.2394 -0.4434 -0.4434 -0.4434 -0.4434 -0.4434 -0.4434 -0.4434 -0.4434
  -0.4434 -0.4434]
 [-0.766   5.9168 -0.766  -0.766  -0.766  -0.766  -0.766  -0.766  -0.766
  -0.766  -0.766 ]
 [-0.258  -0.258   6.4248 -0.258  -0.258  -0.258  -0.258  -0.258  -0.258
  -0.258  -0.258 ]
 [-0.4939 -0.4939 -0.4939  6.1889 -0.4939 -0.4939 -0.4939 -0.4939 -0.4939
  -0.4939 -0.4939]
 [-0.5617 -0.5617 -0.5617 -0.5617  6.1211 -0.5617 -0.5617 -0.5617 -0.5617
  -0.5617 -0.5617]
 [-0.4164 -0.4164 -0.4164 -0.4164 -0.4164  6.2665 -0.4164 -0.4164 -0.4164
  -0.4164 -0.4164]
 [-0.671  -0.671  -0.671  -0.671  -0.671  -0.671   6.0119 -0.671  -0.671
  -0.671  -0.671 ]
 [-0.6831 -0.6831 -0.6831 -0.6831 -0.6831 -0.6831 -0.6831  5.9997 -0.6831
  -0.6831 -0.6831]
 [-0.3246 -0.3246 -0.3246 -0.3246 -0.3246 -0.3246 -0.3246 -0.3246  6.3582
  -0.3246 -0.3246]
 [-0.5018 -0.5018 -0.5018 -0.5018 -0.5018 -0.5018 -0.5018 -0.5018 -0.5018
   6.181  -0.5018]
 [ 1.      1.      1.      1.      1.      1.      1.      1.      1.
   1.      1.    ]]
initial volume: -5.62850464563e-09
initial log volume: 18.9954220348
Solve MEVS with cvxopt ip solver.
GLPK Simplex Optimizer, v4.61
73370 rows, 121 columns, 807070 non-zeros
      0: obj =   0.000000000e+00 inf =   1.000e+00 (1)
      1: obj =  -1.000000000e+00 inf =   0.000e+00 (0)
Warning: basis matrix is ill-conditioned (cond = 8.88e+12)
Warning: basis matrix is ill-conditioned (cond = 4.59e+12)
Warning: numerical instability (primal simplex, phase II)
Warning: basis matrix is ill-conditioned (cond = 4.59e+12)
    282: obj =  -3.680524311e+01 inf =   2.027e-06 (0) 4
Warning: basis matrix is ill-conditioned (cond = 8.74e+12)
Warning: numerical instability (primal simplex, phase II)
Warning: basis matrix is ill-conditioned (cond = 8.74e+12)
    385: obj =  -3.858971809e+01 inf =   6.837e-07 (0) 2
Warning: numerical instability (primal simplex, phase II)
    485: obj =  -3.960194364e+01 inf =   7.461e-07 (0) 2
*   500: obj =  -3.961932792e+01 inf =   3.855e-06 (26)
*   667: obj =  -4.197285834e+01 inf =   2.412e-06 (0) 2
OPTIMAL LP SOLUTION FOUND
Current log volume:  inf
GLPK Simplex Optimizer, v4.61
73370 rows, 121 columns, 807070 non-zeros
      0: obj =   0.000000000e+00 inf =   1.000e+00 (1)
      1: obj =  -1.000000000e+00 inf =   0.000e+00 (0)
Warning: numerical instability (primal simplex, phase II)
    395: obj =  -3.772591741e+02 inf =   1.092e-12 (0) 4
*   500: obj =  -3.965742885e+02 inf =   3.003e-14 (42) 1
*   570: obj =  -3.982554938e+02 inf =   5.298e-07 (0) 1
OPTIMAL LP SOLUTION FOUND
Current log volume:  inf
GLPK Simplex Optimizer, v4.61
73370 rows, 121 columns, 807070 non-zeros
      0: obj =   0.000000000e+00 inf =   1.000e+00 (1)
      1: obj =  -1.000000000e+00 inf =   0.000e+00 (0)
Warning: basis matrix is ill-conditioned (cond = 1.04e+13)
*   500: obj =  -1.352259627e+02 inf =   1.048e-05 (18) 5
Warning: numerical instability (primal simplex, phase II)
    564: obj =  -1.354942521e+02 inf =   8.208e-06 (0) 1
*   565: obj =  -1.354942529e+02 inf =   8.209e-06 (0)
OPTIMAL LP SOLUTION FOUND
Current log volume:  inf
GLPK Simplex Optimizer, v4.61
73370 rows, 121 columns, 807070 non-zeros
      0: obj =   0.000000000e+00 inf =   1.000e+00 (1)
      1: obj =  -1.000000000e+00 inf =   0.000e+00 (0)
Warning: numerical instability (primal simplex, phase II)
    326: obj =  -2.988462274e+01 inf =   2.748e-08 (0) 4
*   466: obj =  -3.046780427e+01 inf =   3.761e-07 (0) 1
OPTIMAL LP SOLUTION FOUND
Current log volume:  inf
GLPK Simplex Optimizer, v4.61
73370 rows, 121 columns, 807070 non-zeros
      0: obj =   0.000000000e+00 inf =   1.000e+00 (1)
      1: obj =  -1.000000000e+00 inf =   0.000e+00 (0)
Warning: numerical instability (primal simplex, phase II)
    220: obj =  -5.063664823e+01 inf =   5.629e-08 (0) 3
Warning: basis matrix is ill-conditioned (cond = 4.62e+14)
Warning: numerical instability (primal simplex, phase II)
    492: obj =  -5.606849809e+01 inf =   9.762e-07 (0) 3
*   494: obj =  -5.606849813e+01 inf =   9.562e-07 (0)
OPTIMAL LP SOLUTION FOUND
Current log volume:  inf
Exceed the maximum number of iterations!
# LP Iteration:  5
Final log volume: 8.57606986806
weight test fails.
solution
[[ 0.3858 -0.4432  0.0555  0.5558  0.0263 -7.1287  0.5357 -0.0358  4.6376
   0.8809 -0.7315]
 [ 0.0198  0.1449  0.2393  0.0855 -0.7687  2.9054  0.0933  0.1088  5.4422
   0.0537 -1.3561]
 [-0.0761 -0.2628  0.7506 -0.2044  0.1925 11.3671 -0.1779  0.1517 -1.7012
  -0.5741  0.4525]
 [ 0.0199 -0.0002  0.0247  0.508  -0.0077 -0.0834 -0.4964 -0.3653 -7.2257
   0.6078 -0.0624]
 [-0.0372  0.134  -0.0636  0.0459  0.4397  2.6719  0.0494 -0.3835 -0.635
   0.1382 -1.7111]
 [ 0.1168 -0.1771 -0.4198 -0.081  -0.0871 10.4472 -0.0768  0.6242 -2.4213
  -0.0568  0.1136]
 [-0.6711 -0.1375  0.0024  0.2663  0.0044 20.7361  0.2663 -0.9772 -0.1003
  -0.4432  2.1779]
 [-0.039   0.0353 -0.0187  0.1033 -0.0053 -1.2844 -0.01    1.9444  1.7357
  -2.124  -0.1553]
 [-0.043  -0.0358 -0.0032  0.0274  0.0156  2.8498 -0.104  -0.7094 19.8281
  -0.0812  0.3223]
 [-0.5776  0.0258  0.0121 -0.0056  0.0087  9.7036 -0.0175  0.8836  2.2723
  -0.0568  0.9607]
 [ 1.      1.      1.      1.      1.      1.      1.      1.      1.
   1.      1.    ]]
=> Best simplex found with volume: 5303.22215223

Optimization costs: 0.51 minutes
solution simplex volumn:  5303.2222
recovered (11, 132)
[[ 0.999  0.     0.001 ... -0.    -0.     0.   ]
 [ 0.081  0.047  0.99  ... -0.    -0.     0.   ]
 [ 1.007 -0.    -0.008 ...  0.     0.    -0.   ]
 ...
 [ 1.006 -0.    -0.006 ...  0.001  0.002 -0.003]
 [ 1.002 -0.    -0.002 ... -0.    -0.     0.   ]
 [ 0.998  0.     0.002 ...  0.     0.    -0.   ]]
Minimum weight: 5.66274797886e-09
Number of points with negative weights (< -1e-5): 0
Number of points with negative weights (< -0.1): 0
Number of points with negative weights (< -0.5): 0
Number of points with negative weights (< -1): 0
Saving recovered results to: ./results_mves/cheburashka-11/result.txt
