Using our gradient functions, not automatic finite differencing ones.
uncorrelated data shape
(420, 3)
All pts #:  420
initial guess (points are columns):
[[ 1.9708 -0.5506 -0.5506 -0.5506]
 [-0.3808  2.1406 -0.3808 -0.3808]
 [-0.4349 -0.4349  2.0865 -0.4349]
 [ 1.      1.      1.      1.    ]]
initial volume: -0.0623843644199
initial log volume: 2.7744406052
Solve MEVS with cvxopt ip solver.
GLPK Simplex Optimizer, v4.61
1684 rows, 16 columns, 6736 non-zeros
      0: obj =   0.000000000e+00 inf =   1.000e+00 (1)
      1: obj =  -1.000000000e+00 inf =   0.000e+00 (0)
*    21: obj =  -7.832675615e+00 inf =   1.950e-15 (0)
OPTIMAL LP SOLUTION FOUND
Current log volume:  inf
GLPK Simplex Optimizer, v4.61
1684 rows, 16 columns, 6736 non-zeros
      0: obj =   0.000000000e+00 inf =   1.000e+00 (1)
      1: obj =  -1.000000000e+00 inf =   0.000e+00 (0)
*    21: obj =  -2.805830916e+01 inf =   1.299e-12 (0)
OPTIMAL LP SOLUTION FOUND
Current log volume:  0.0791580356303
GLPK Simplex Optimizer, v4.61
1684 rows, 16 columns, 6736 non-zeros
      0: obj =   0.000000000e+00 inf =   1.000e+00 (1)
      1: obj =  -1.000000000e+00 inf =   0.000e+00 (0)
*    26: obj =  -4.053331695e+00 inf =   2.068e-14 (0)
OPTIMAL LP SOLUTION FOUND
Current log volume:  0.0789881258351
log volume is close!
# LP Iteration:  3
Final log volume: 0.131086979068
weight test fails.
solution
[[ 0.4509 -0.1448  0.2787 -0.5924]
 [-0.381   0.6397  0.3266 -0.3681]
 [-0.2298 -0.467   0.6076  0.0962]
 [ 1.      1.      1.      1.    ]]
=> Best simplex found with volume: 1.14006693896

Optimization costs: 0.00 minutes
solution simplex volumn:  1.1401
recovered (4, 48)
[[ 0.659 -0.588 -0.471 -0.661 -0.154 -0.737  0.362  0.796 -0.49  -0.262
  -0.267 -0.314  0.02   1.    -0.038 -0.599  0.043  0.8    0.801  0.007
   0.6   -0.798  0.6   -0.265 -0.121 -0.944 -0.311  0.021  0.313 -0.951
   0.995 -0.122 -0.019 -0.732 -0.272  0.021  0.923 -0.073 -0.378  0.319
  -0.407  0.857 -0.216 -0.911 -0.353 -0.058  0.016 -0.224]
 [ 1.001  0.    -0.001  0.001  0.999 -0.002  0.002  0.002  1.    -0.001
  -0.     0.001  0.705 -0.419  0.573 -0.132  0.716  0.686 -0.697 -0.559
   0.449  0.     0.001 -0.     0.465 -0.886  0.03  -0.704 -0.388 -0.592
   0.537  0.254 -0.804  0.     0.001 -0.001  1.    -0.    -0.001  0.
   0.999 -0.003 -0.     0.003  0.999 -0.     0.     0.001]
 [ 0.949 -0.293 -0.12  -0.087  0.121 -0.99   0.304  0.949  0.089  0.
   0.     0.     0.908  0.335  0.256 -0.269 -0.007  0.963  0.324 -0.943
   0.084  0.001 -0.001  0.     0.693 -0.638 -0.337  0.243  0.645 -0.726
   0.68   0.421  0.601  0.001  0.     0.     0.988 -0.091 -0.127 -0.156
  -0.509 -0.849  0.013  0.859 -0.517  0.    -0.     0.   ]
 [ 0.321 -0.409  0.893 -0.399  0.793  0.6   -0.912 -0.582  0.113  0.613
   0.382 -0.799  0.761  0.5    0.417 -0.468 -0.024  0.885  0.453 -0.867
   0.214 -0.06  -0.861  0.155  0.274  0.251 -0.963 -0.897 -0.459 -0.337
  -0.51   0.914  0.028  0.161 -1.034  0.909  0.913  0.053  0.423 -0.386
  -0.226  0.984  0.142 -1.062 -0.187  0.078 -0.043 -0.375]]
Minimum weight: -1.3794521081e-14
Number of points with negative weights (< -1e-5): 0
Number of points with negative weights (< -0.1): 0
Number of points with negative weights (< -0.5): 0
Number of points with negative weights (< -1): 0
Saving recovered results to: ./results_mves/cylinder-4/result.txt
