match order of our recovery:  [33  1 52  3  4  5  6  7  8  9 10 22 12 13 14 15 16 17 18 19 20 21 44 23 24
 25 26 27 28 29 30 31 32 11 34 35 36 37 38 39 40 41 42 43  0 45 46 47 48 49
 50  2 51]
############################################
Reconstruction Mesh Error: 
rev: max, mean and median per-vertex distance 0.17199777267 0.0299448224329 0.0248687152392
rev per pose max, mean and median error:
1.obj 0.0492591734827 0.0143616977245 0.00899386017472
10.obj 0.130215479156 0.0396635371661 0.0351554820617
11.obj 0.111421340449 0.0354165592372 0.0320601366366
12.obj 0.137885869742 0.0398198368638 0.0293161207604
13.obj 0.119876309947 0.0300879034261 0.0225304927308
14.obj 0.113401484895 0.0291851671651 0.0249157663696
15.obj 0.109713605125 0.0290421008414 0.0253658032722
16.obj 0.103651902886 0.0287658133207 0.024679114337
17.obj 0.0976498320119 0.0299573377287 0.0257567919202
18.obj 0.0922380038647 0.0290879672117 0.0252876287918
19.obj 0.0875636733482 0.0282397771838 0.0252820731407
2.obj 0.0350494521419 0.0105582128433 0.00849653896844
20.obj 0.0884737275263 0.0306163778245 0.029599924493
21.obj 0.0890131519981 0.0353355485887 0.0394479380642
22.obj 0.0877853414456 0.0355472905554 0.0420445105716
23.obj 0.0854707252345 0.0335093902255 0.037964333172
24.obj 0.0811094102591 0.0305425001218 0.0336458236573
25.obj 0.0762801632583 0.0272603927527 0.0294469551799
26.obj 0.0711137109154 0.0249150834972 0.0262896373099
27.obj 0.0665272938708 0.0233271754917 0.0240448397288
28.obj 0.0632105232699 0.0215094850778 0.0240239859336
29.obj 0.0626145794341 0.0198457998611 0.0221078318037
3.obj 0.0607068768882 0.0184766789344 0.0118295918436
30.obj 0.0656046185212 0.0178739233374 0.0196495488281
31.obj 0.0667829122543 0.0166774144041 0.0180791437941
32.obj 0.0633663132591 0.0174542987798 0.0197019555522
33.obj 0.0580040779677 0.0194607052527 0.0214363319792
34.obj 0.0521855105674 0.0216707357915 0.0223684727728
35.obj 0.0586863023807 0.0245131376982 0.0243134932475
36.obj 0.0654664102252 0.0277369739346 0.0279051175483
37.obj 0.0715794972801 0.0307038428417 0.031277560649
38.obj 0.0748086858033 0.0322208875545 0.0330316027596
39.obj 0.0775179410076 0.0334916887541 0.0346189252594
4.obj 0.0247114598916 0.0105708536435 0.0111278514963
40.obj 0.0817504934506 0.0349866354752 0.0369348024713
41.obj 0.0851728196688 0.0361183180053 0.0388629562585
42.obj 0.0881720180834 0.036509410906 0.0397447103511
43.obj 0.0904090347726 0.0364378848486 0.0402374455609
44.obj 0.0899715976871 0.0357535449067 0.0402579972823
45.obj 0.0882610173974 0.0351498779849 0.039904685124
46.obj 0.0909839385235 0.0370579607934 0.0424490821728
47.obj 0.0861419389907 0.0367662376323 0.0426615199989
48.obj 0.0651674569019 0.0301265068223 0.035186052867
49.obj 0.0746386988228 0.0282746960551 0.03518985374
5.obj 0.0155872707259 0.0102025097407 0.0115242249812
50.obj 0.0757107233466 0.0334770196346 0.0426504767477
51.obj 0.102245923243 0.0447487336296 0.0565284649154
52.obj 0.130640884056 0.0567945717224 0.066942412013
53.obj 0.17199777267 0.0741342185942 0.0829422065809
6.obj 0.0784466805971 0.0222851754512 0.0183392694486
7.obj 0.0870101621143 0.0237812919608 0.0193522780918
8.obj 0.143398980514 0.0492252695333 0.0311828730548
9.obj 0.0973185899634 0.0277996296126 0.0235483715762
match order of ssd recovery:  [ 0  9 10 11 12 13 14 15 16 17 18  1 19 20 21 22 23 24 25 26 27 28  2 29 30
 31 32 33 34 35 36 37 38  3 39 40 41 42 43 44 45 46 47 48  4 49 50 51 52  5
  6  7  8]
ssd: max, mean and median per-vertex distance 0.0327221597359 0.00435935013357 0.0034187154664
ssd per pose max, mean and median error:
1.obj 6.24081653123e-07 1.25552306003e-07 9.65175522242e-08
10.obj 0.0129919293133 0.00330539585135 0.00290041480058
11.obj 0.0153566383277 0.00378476244237 0.00325225283419
12.obj 0.0188207186349 0.00424625334153 0.00362372758828
13.obj 0.0223994388935 0.0046060773306 0.00396509568853
14.obj 0.025812231749 0.00471362167199 0.00405440115641
15.obj 0.0259735482639 0.00474801951533 0.0040770112934
16.obj 0.0243606798709 0.00478956884648 0.00410574131384
17.obj 0.0259504645677 0.00492855361502 0.00418732199804
18.obj 0.027971957454 0.0050694596406 0.00427686869898
19.obj 0.0296762473108 0.00524427896401 0.00438606782023
2.obj 0.00117222909698 0.000191328912283 0.000142866144325
20.obj 0.0306496859907 0.00546347723337 0.00451755542827
21.obj 0.0310850310237 0.00569248171969 0.00466668735388
22.obj 0.0309718063737 0.00586450645672 0.00482593981068
23.obj 0.030518740147 0.00601247035378 0.0049525416253
24.obj 0.0290305531052 0.00599325119018 0.00498511871767
25.obj 0.0273792376709 0.0059889640764 0.00501482148034
26.obj 0.0253521927541 0.00593460361515 0.00501731246796
27.obj 0.0241432570926 0.00586431307356 0.00502872158337
28.obj 0.0245701702756 0.00564936510165 0.00484477743059
29.obj 0.0249375394555 0.0054680940621 0.00467901225998
3.obj 0.00238609000245 0.00039711254026 0.000301870618434
30.obj 0.024338855851 0.00527474371244 0.00447263186544
31.obj 0.0238174398696 0.00516602561415 0.00428284568627
32.obj 0.0238359866574 0.00504543898793 0.00416634856109
33.obj 0.0240739436384 0.00495840023829 0.00405997935705
34.obj 0.0245339107665 0.00485858744296 0.00390854378868
35.obj 0.0252377873338 0.00477239167251 0.00380913996878
36.obj 0.0249857322582 0.00465829831431 0.00366174214076
37.obj 0.0256509885148 0.00456479487894 0.00354912688217
38.obj 0.0242801067252 0.00447975266163 0.00341875105463
39.obj 0.0248929727417 0.00440235738984 0.00333100742599
4.obj 0.00378547923547 0.000679180135196 0.000534377121016
40.obj 0.0263087523096 0.00427418557854 0.00334751429999
41.obj 0.0275303094856 0.00421333241935 0.0033619336154
42.obj 0.0280722409309 0.00421356436901 0.00341233799845
43.obj 0.0276917593279 0.00427487599837 0.00353798775942
44.obj 0.0262938250107 0.00433775108906 0.00361800013766
45.obj 0.0245683575714 0.00444734692069 0.0037357304303
46.obj 0.0235808727311 0.00461040919126 0.00386566209921
47.obj 0.0257011414328 0.00481860587721 0.00398538646212
48.obj 0.0262315215468 0.00504765614653 0.00410129818874
49.obj 0.0265300226602 0.00524701615588 0.00424890798906
5.obj 0.0050737499303 0.000995001728769 0.000820201271395
50.obj 0.0283407957611 0.00532920991234 0.00433223479437
51.obj 0.0308948362475 0.00558465406671 0.00458804463064
52.obj 0.0318324405998 0.00593301954957 0.00497175726256
53.obj 0.0327221597359 0.00662825726241 0.00563524420742
6.obj 0.00592770299312 0.00135459160079 0.00117767239313
7.obj 0.00651361688394 0.00181324655752 0.00161378996558
8.obj 0.00827675694237 0.00230003121688 0.00206676875824
9.obj 0.0105635926032 0.00280674528331 0.00250398042983
############################################
