match order of our recovery:  [0 1 2 3 4 5 6 7 8]
############################################
Reconstruction Mesh Error: 
rev: max, mean and median per-vertex distance 0.17307112416 0.0152861651635 0.00594377643861
rev per pose max, mean and median error:
1.obj 0.140508505761 0.0171432442761 0.00545282030212
2.obj 0.092098592062 0.012542545584 0.00373503861856
3.obj 0.17307112416 0.00972639202509 0.00337312896341
4.obj 0.114769373959 0.0168622527643 0.0042914893878
5.obj 0.0942475587578 0.0155413376746 0.00578298630471
6.obj 0.0852923248802 0.0178699623074 0.00780640393663
7.obj 0.131215568281 0.0153169953996 0.00636236273262
8.obj 0.100028570504 0.0194014956865 0.00773396470614
9.obj 0.0905317280705 0.013171260754 0.00612517550958
match order of ssd recovery:  [0 1 2 3 4 5 6 7 8]
ssd: max, mean and median per-vertex distance 0.0325579373273 0.00276549913118 0.00197779835028
ssd per pose max, mean and median error:
1.obj 0.0325579373273 0.00314727809666 0.00211586516903
2.obj 0.0136345915143 0.00216613091206 0.00158681037106
3.obj 0.0235774295513 0.0018758863259 0.00120019461068
4.obj 0.0246260720076 0.00340488704622 0.00227261210973
5.obj 0.0132879989437 0.00247624461129 0.00187861416961
6.obj 0.0203381153267 0.00259298417661 0.00192882072565
7.obj 0.0262132816013 0.00340471455566 0.00246118822777
8.obj 0.0316959232781 0.00276651966654 0.00213690355632
9.obj 0.0299602989372 0.00305484678969 0.0022702065176
############################################
