Using our gradient functions, not automatic finite differencing ones.
uncorrelated data shape
(5075, 20)
All pts #:  5075
inital volume: -2.62708112452e-22
inital log volume: 49.6909986546
Solve MEVS with cvxopt ip solver.
GLPK Simplex Optimizer, v4.61
106596 rows, 441 columns, 2238516 non-zeros
      0: obj =   0.000000000e+00 inf =   1.000e+00 (1)
      1: obj =  -1.000000000e+00 inf =   0.000e+00 (0)
Warning: numerical instability (primal simplex, phase II)
    447: obj =  -8.026574286e+01 inf =   2.514e-05 (0) 6
*   500: obj =  -8.525790767e+01 inf =   5.063e-05 (282)
Warning: numerical instability (primal simplex, phase II)
Warning: numerical instability (primal simplex, phase I)
    551: obj =  -9.331297232e+01 inf =   4.485e-05 (0) 3
Warning: numerical instability (primal simplex, phase II)
    654: obj =  -9.745901903e+01 inf =   4.166e-05 (0) 2
Warning: numerical instability (primal simplex, phase II)
    857: obj =  -1.100959116e+02 inf =   6.073e-06 (0) 3
*  1000: obj =  -1.188004463e+02 inf =   5.824e-05 (128) 1
Warning: numerical instability (primal simplex, phase II)
   1162: obj =  -1.226528261e+02 inf =   2.137e-05 (0) 3
*  1500: obj =  -1.390554324e+02 inf =   7.907e-06 (8) 3
*  1512: obj =  -1.391238380e+02 inf =   4.996e-06 (0)
OPTIMAL LP SOLUTION FOUND
Current log volume:  inf
GLPK Simplex Optimizer, v4.61
106596 rows, 441 columns, 2238516 non-zeros
      0: obj =   0.000000000e+00 inf =   1.000e+00 (1)
      1: obj =  -1.000000000e+00 inf =   0.000e+00 (0)
*   500: obj =  -1.528488399e+03 inf =   3.661e-06 (192) 4
Warning: numerical instability (primal simplex, phase II)
    548: obj =  -1.533114462e+03 inf =   3.608e-06 (0) 2
*   756: obj =  -1.547577124e+03 inf =   5.980e-07 (0) 2
OPTIMAL LP SOLUTION FOUND
Current log volume:  inf
GLPK Simplex Optimizer, v4.61
106596 rows, 441 columns, 2238516 non-zeros
      0: obj =   0.000000000e+00 inf =   1.000e+00 (1)
      1: obj =  -1.000000000e+00 inf =   0.000e+00 (0)
*   500: obj =  -7.194941657e+03 inf =   8.362e-07 (213) 4
Warning: numerical instability (primal simplex, phase II)
    627: obj =  -7.236849417e+03 inf =   6.059e-07 (0) 3
Warning: numerical instability (primal simplex, phase II)
    830: obj =  -7.271039237e+03 inf =   8.489e-06 (0) 3
Warning: numerical instability (primal simplex, phase II)
    934: obj =  -7.297634188e+03 inf =   2.000e-06 (0) 2
Warning: basis matrix is ill-conditioned (cond = 8.75e+12)
Warning: numerical instability (primal simplex, phase II)
Warning: basis matrix is ill-conditioned (cond = 8.75e+12)
   1000: obj =  -7.297507100e+03 inf =   2.204e-03 (103) 2
Warning: basis matrix is ill-conditioned (cond = 8.42e+12)
   1046: obj =  -7.297525838e+03 inf =   1.980e-06 (0) 1
Warning: numerical instability (primal simplex, phase II)
   1245: obj =  -7.305085086e+03 inf =   2.585e-06 (0) 3
*  1266: obj =  -7.306047451e+03 inf =   5.204e-06 (0)
OPTIMAL LP SOLUTION FOUND
Current log volume:  inf
GLPK Simplex Optimizer, v4.61
106596 rows, 441 columns, 2238516 non-zeros
      0: obj =   0.000000000e+00 inf =   1.000e+00 (1)
      1: obj =  -1.000000000e+00 inf =   0.000e+00 (0)
Warning: basis matrix is ill-conditioned (cond = 2.32e+13)
Warning: numerical instability (primal simplex, phase II)
    239: obj =  -2.880370957e+03 inf =   7.665e-06 (0) 3
Warning: numerical instability (primal simplex, phase II)
    446: obj =  -3.647683501e+03 inf =   1.005e-05 (0) 3
*   500: obj =  -3.716780749e+03 inf =   1.524e-06 (213)
Warning: numerical instability (primal simplex, phase II)
    745: obj =  -3.768310331e+03 inf =   7.184e-08 (0) 4
*   760: obj =  -3.768945488e+03 inf =   1.936e-07 (0)
OPTIMAL LP SOLUTION FOUND
Current log volume:  inf
GLPK Simplex Optimizer, v4.61
106596 rows, 441 columns, 2238516 non-zeros
      0: obj =   0.000000000e+00 inf =   1.000e+00 (1)
      1: obj =  -1.000000000e+00 inf =   0.000e+00 (0)
Warning: numerical instability (primal simplex, phase II)
    346: obj =  -8.794601711e+02 inf =   1.435e-07 (0) 4
Warning: numerical instability (primal simplex, phase II)
    473: obj =  -9.256774179e+02 inf =   8.403e-06 (0) 3
*   500: obj =  -9.302631299e+02 inf =   7.859e-06 (268)
Warning: numerical instability (primal simplex, phase II)
    676: obj =  -9.449794086e+02 inf =   6.187e-06 (0) 3
Warning: basis matrix is ill-conditioned (cond = 2.62e+13)
Warning: numerical instability (primal simplex, phase II)
Warning: basis matrix is ill-conditioned (cond = 2.62e+13)
    776: obj =  -9.640656556e+02 inf =   6.031e-06 (0) 2
*  1000: obj =  -1.037123900e+03 inf =   8.069e-06 (175) 2
Warning: numerical instability (primal simplex, phase II)
   1081: obj =  -1.045139283e+03 inf =   5.640e-06 (0) 2
*  1348: obj =  -1.054320909e+03 inf =   1.906e-05 (0) 4
OPTIMAL LP SOLUTION FOUND
Current log volume:  inf
GLPK Simplex Optimizer, v4.61
106596 rows, 441 columns, 2238516 non-zeros
      0: obj =   0.000000000e+00 inf =   1.000e+00 (1)
      1: obj =  -1.000000000e+00 inf =   0.000e+00 (0)
Warning: numerical instability (primal simplex, phase II)
    427: obj =  -6.038488372e+02 inf =   1.105e-06 (0) 5
*   500: obj =  -6.066098091e+02 inf =   4.806e-06 (256)
Warning: numerical instability (primal simplex, phase II)
    631: obj =  -6.096457338e+02 inf =   8.822e-06 (0) 3
Warning: numerical instability (primal simplex, phase II)
    745: obj =  -6.107739195e+02 inf =   1.510e-06 (0) 3
Warning: basis matrix is ill-conditioned (cond = 1.92e+13)
Warning: numerical instability (primal simplex, phase II)
Warning: basis matrix is ill-conditioned (cond = 1.92e+13)
    872: obj =  -6.109731872e+02 inf =   9.921e-06 (0) 2
Warning: numerical instability (primal simplex, phase II)
    953: obj =  -6.122447103e+02 inf =   1.027e-05 (0) 2
Warning: numerical instability (primal simplex, phase II)
    985: obj =  -6.127790780e+02 inf =   1.609e-05 (0) 2
*  1000: obj =  -6.133321392e+02 inf =   1.746e-05 (208)
Warning: numerical instability (primal simplex, phase II)
   1090: obj =  -6.148201374e+02 inf =   6.349e-06 (0) 2
*  1482: obj =  -6.211018170e+02 inf =   2.077e-05 (0) 5
OPTIMAL LP SOLUTION FOUND
Current log volume:  inf
GLPK Simplex Optimizer, v4.61
106596 rows, 441 columns, 2238516 non-zeros
      0: obj =   0.000000000e+00 inf =   1.000e+00 (1)
      1: obj =  -1.000000000e+00 inf =   0.000e+00 (0)
*   500: obj =  -9.018999017e+01 inf =   1.739e-06 (274) 4
Warning: numerical instability (primal simplex, phase II)
    747: obj =  -9.282171263e+01 inf =   8.250e-06 (0) 4
*  1000: obj =  -9.761591562e+01 inf =   3.241e-05 (128) 3
Warning: numerical instability (primal simplex, phase II)
   1056: obj =  -9.859915372e+01 inf =   1.542e-05 (0) 2
Warning: numerical instability (primal simplex, phase II)
   1156: obj =  -1.004549423e+02 inf =   2.331e-05 (0) 2
*  1249: obj =  -1.028245034e+02 inf =   1.048e-05 (0) 1
OPTIMAL LP SOLUTION FOUND
Current log volume:  inf
GLPK Simplex Optimizer, v4.61
106596 rows, 441 columns, 2238516 non-zeros
      0: obj =   0.000000000e+00 inf =   1.000e+00 (1)
      1: obj =  -1.000000000e+00 inf =   0.000e+00 (0)
Warning: basis matrix is ill-conditioned (cond = 3.4e+13)
Warning: basis matrix is ill-conditioned (cond = 1.08e+13)
Warning: numerical instability (primal simplex, phase II)
    386: obj =  -4.735671799e+01 inf =   8.548e-06 (0) 5
Warning: numerical instability (primal simplex, phase II)
    487: obj =  -4.890900783e+01 inf =   7.026e-06 (0) 2
*   500: obj =  -4.910457201e+01 inf =   5.689e-06 (280)
Warning: numerical instability (primal simplex, phase II)
    559: obj =  -4.999074073e+01 inf =   4.591e-06 (0) 2
Warning: numerical instability (primal simplex, phase II)
    659: obj =  -5.107317162e+01 inf =   6.011e-06 (0) 2
Warning: numerical instability (primal simplex, phase II)
    760: obj =  -5.146485795e+01 inf =   4.016e-06 (0) 2
Warning: basis matrix is ill-conditioned (cond = 3.9e+15)
Warning: numerical instability (primal simplex, phase II)
Warning: basis matrix is ill-conditioned (cond = 3.9e+15)
    862: obj =  -5.348752858e+01 inf =   4.889e-06 (0) 2
*  1000: obj =  -5.540415589e+01 inf =   1.046e-05 (182) 1
Warning: numerical instability (primal simplex, phase II)
   1105: obj =  -5.660527792e+01 inf =   7.030e-06 (0) 3
Warning: numerical instability (primal simplex, phase II)
   1413: obj =  -6.114591147e+01 inf =   7.424e-06 (0) 4
*  1500: obj =  -6.241432154e+01 inf =   8.267e-06 (8) 1
Warning: numerical instability (primal simplex, phase II)
   1510: obj =  -6.241451512e+01 inf =   5.106e-05 (0) 1
Warning: numerical instability (primal simplex, phase II)
   1514: obj =  -6.241451501e+01 inf =   1.469e-05 (0) 1
*  1515: obj =  -6.241451507e+01 inf =   6.285e-06 (0)
OPTIMAL LP SOLUTION FOUND
Current log volume:  inf
GLPK Simplex Optimizer, v4.61
106596 rows, 441 columns, 2238516 non-zeros
      0: obj =   0.000000000e+00 inf =   1.000e+00 (1)
      1: obj =  -1.000000000e+00 inf =   0.000e+00 (0)
*   500: obj =  -6.200661443e+01 inf =   2.905e-06 (281) 4
Warning: numerical instability (primal simplex, phase II)
    547: obj =  -6.214173904e+01 inf =   5.159e-07 (0) 2
Warning: basis matrix is ill-conditioned (cond = 7.91e+12)
Warning: numerical instability (primal simplex, phase II)
Warning: basis matrix is ill-conditioned (cond = 7.91e+12)
    650: obj =  -6.369734879e+01 inf =   9.078e-07 (0) 2
Warning: numerical instability (primal simplex, phase II)
    850: obj =  -6.525911828e+01 inf =   1.084e-05 (0) 3
*  1000: obj =  -6.819563319e+01 inf =   1.422e-05 (123) 2
*  1174: obj =  -7.434398601e+01 inf =   3.371e-06 (0) 2
OPTIMAL LP SOLUTION FOUND
Current log volume:  inf
GLPK Simplex Optimizer, v4.61
106596 rows, 441 columns, 2238516 non-zeros
      0: obj =   0.000000000e+00 inf =   1.000e+00 (1)
      1: obj =  -1.000000000e+00 inf =   0.000e+00 (0)
Warning: numerical instability (primal simplex, phase II)
    341: obj =  -4.627170686e+01 inf =   1.763e-06 (0) 4
*   500: obj =  -4.855632080e+01 inf =   7.852e-06 (309) 1
Warning: numerical instability (primal simplex, phase II)
    542: obj =  -4.885665090e+01 inf =   7.402e-06 (0) 2
Warning: numerical instability (primal simplex, phase II)
    746: obj =  -5.055789897e+01 inf =   9.970e-06 (0) 3
Warning: numerical instability (primal simplex, phase II)
    851: obj =  -5.214298579e+01 inf =   1.542e-05 (0) 2
Warning: numerical instability (primal simplex, phase II)
    952: obj =  -5.250677549e+01 inf =   1.190e-05 (0) 2
*  1000: obj =  -5.280443413e+01 inf =   1.180e-05 (251)
Warning: numerical instability (primal simplex, phase II)
   1255: obj =  -5.410672560e+01 inf =   1.286e-05 (0) 4
Warning: numerical instability (primal simplex, phase II)
   1358: obj =  -5.530663447e+01 inf =   2.349e-05 (0) 2
*  1500: obj =  -5.586962392e+01 inf =   1.342e-05 (180) 1
Warning: numerical instability (primal simplex, phase II)
   1558: obj =  -5.620969497e+01 inf =   1.203e-05 (0) 2
*  1914: obj =  -6.126254472e+01 inf =   1.026e-05 (0) 4
OPTIMAL LP SOLUTION FOUND
Current log volume:  2.86638605487
GLPK Simplex Optimizer, v4.61
106596 rows, 441 columns, 2238516 non-zeros
      0: obj =   0.000000000e+00 inf =   1.000e+00 (1)
      1: obj =  -1.000000000e+00 inf =   0.000e+00 (0)
Warning: basis matrix is ill-conditioned (cond = 1.6e+14)
Warning: numerical instability (primal simplex, phase II)
    496: obj =  -1.095250709e+01 inf =   2.452e-06 (0) 6
*   500: obj =  -1.096822819e+01 inf =   2.489e-06 (306)
Warning: numerical instability (primal simplex, phase II)
    597: obj =  -1.125993868e+01 inf =   5.038e-06 (0) 2
Warning: basis matrix is ill-conditioned (cond = 7.13e+13)
Warning: numerical instability (primal simplex, phase II)
Warning: basis matrix is ill-conditioned (cond = 7.13e+13)
    736: obj =  -1.265591209e+01 inf =   4.154e-05 (0) 3
Warning: numerical instability (primal simplex, phase II)
    840: obj =  -1.435105181e+01 inf =   1.468e-05 (0) 2
Warning: basis matrix is ill-conditioned (cond = 1.42e+13)
Warning: numerical instability (primal simplex, phase II)
Warning: basis matrix is ill-conditioned (cond = 1.42e+13)
    939: obj =  -1.550858549e+01 inf =   3.932e-05 (0) 2
*  1000: obj =  -1.594835962e+01 inf =   2.029e-05 (251)
Warning: basis matrix is ill-conditioned (cond = 6.24e+12)
Warning: numerical instability (primal simplex, phase II)
Warning: basis matrix is ill-conditioned (cond = 6.24e+12)
   1040: obj =  -1.675023671e+01 inf =   2.180e-05 (0) 2
Warning: basis matrix is ill-conditioned (cond = 7.87e+12)
Warning: numerical instability (primal simplex, phase II)
Warning: basis matrix is ill-conditioned (cond = 7.87e+12)
   1142: obj =  -1.831225715e+01 inf =   2.138e-05 (0) 2
Warning: numerical instability (primal simplex, phase II)
   1243: obj =  -1.972923792e+01 inf =   1.316e-05 (0) 2
Warning: numerical instability (primal simplex, phase II)
   1444: obj =  -2.054775612e+01 inf =   4.406e-05 (0) 3
*  1500: obj =  -2.188116235e+01 inf =   6.480e-05 (50)
Warning: numerical instability (primal simplex, phase II)
   1547: obj =  -2.406353138e+01 inf =   9.437e-06 (0) 2
*  1584: obj =  -2.464352862e+01 inf =   4.163e-06 (0)
OPTIMAL LP SOLUTION FOUND
Current log volume:  0.873069107859
GLPK Simplex Optimizer, v4.61
106596 rows, 441 columns, 2238516 non-zeros
      0: obj =   0.000000000e+00 inf =   1.000e+00 (1)
      1: obj =  -1.000000000e+00 inf =   0.000e+00 (0)
Warning: basis matrix is ill-conditioned (cond = 8.9e+13)
Warning: basis matrix is ill-conditioned (cond = 2.66e+13)
*   500: obj =  -9.376972820e+00 inf =   2.983e-06 (258) 7
Warning: numerical instability (primal simplex, phase II)
    578: obj =  -9.536222592e+00 inf =   3.294e-06 (0) 2
Warning: basis matrix is ill-conditioned (cond = 1.1e+13)
Warning: numerical instability (primal simplex, phase II)
Warning: basis matrix is ill-conditioned (cond = 1.1e+13)
    777: obj =  -1.044439444e+01 inf =   5.398e-06 (0) 3
Warning: numerical instability (primal simplex, phase II)
Warning: numerical instability (primal simplex, phase I)
    881: obj =  -1.101542722e+01 inf =   2.228e-06 (0) 3
Warning: numerical instability (primal simplex, phase II)
    984: obj =  -1.219246664e+01 inf =   1.200e-05 (0) 2
*  1000: obj =  -1.242839453e+01 inf =   1.249e-05 (253)
Warning: numerical instability (primal simplex, phase II)
   1084: obj =  -1.392147723e+01 inf =   2.402e-05 (0) 2
Warning: numerical instability (primal simplex, phase II)
   1185: obj =  -1.407611220e+01 inf =   2.083e-05 (0) 2
Warning: numerical instability (primal simplex, phase II)
   1286: obj =  -1.528864042e+01 inf =   8.743e-06 (0) 2
*  1500: obj =  -1.865310399e+01 inf =   2.130e-05 (70) 2
*  1567: obj =  -2.133335935e+01 inf =   1.746e-05 (0)
OPTIMAL LP SOLUTION FOUND
Current log volume:  0.636855421627
GLPK Simplex Optimizer, v4.61
106596 rows, 441 columns, 2238516 non-zeros
      0: obj =   0.000000000e+00 inf =   1.000e+00 (1)
      1: obj =  -1.000000000e+00 inf =   0.000e+00 (0)
Warning: basis matrix is ill-conditioned (cond = 5.18e+14)
*   500: obj =  -8.716753298e+00 inf =   1.274e-06 (298) 5
Warning: numerical instability (primal simplex, phase II)
    642: obj =  -9.792272179e+00 inf =   1.314e-05 (0) 3
Warning: numerical instability (primal simplex, phase II)
    856: obj =  -1.195988897e+01 inf =   1.165e-05 (0) 3
Warning: numerical instability (primal simplex, phase II)
    943: obj =  -1.274465310e+01 inf =   1.172e-05 (0) 2
*  1000: obj =  -1.307633894e+01 inf =   2.192e-05 (227)
Warning: numerical instability (primal simplex, phase II)
   1048: obj =  -1.338682986e+01 inf =   1.249e-05 (0) 2
Warning: numerical instability (primal simplex, phase II)
   1148: obj =  -1.516802830e+01 inf =   1.055e-05 (0) 2
Warning: numerical instability (primal simplex, phase II)
   1354: obj =  -1.676810433e+01 inf =   2.142e-05 (0) 4
*  1500: obj =  -2.061123327e+01 inf =   1.937e-05 (3) 1
Warning: basis matrix is ill-conditioned (cond = 5.77e+12)
*  1504: obj =  -2.101446948e+01 inf =   1.730e-05 (0) 2
OPTIMAL LP SOLUTION FOUND
Current log volume:  0.63522936226
log volume is close!
# LP Iteration:  13
Final log volume: 0.649663435831
weight test fails.
solution
[[ 0.2735  0.3457  0.289   0.2585  0.2291  0.2259 -0.6546 -0.3308  0.2323
   0.2377  0.2695  0.2817  0.292   0.2437  0.246   0.2224  0.2431  0.2402
   0.2404  0.1844  0.2614]
 [-0.1346  0.8396 -0.1604 -0.1017 -0.0657 -0.0705  0.0274 -0.0056 -0.0617
  -0.067  -0.117  -0.1483  0.4784 -0.0817 -0.0751 -0.0531 -0.0815 -0.0639
  -0.0703 -0.0482 -0.1076]
 [ 0.4839  0.0925  0.6989 -0.2222 -0.1399 -0.116   0.0381 -0.034  -0.168
  -0.2069 -0.3011  0.597   0.0261 -0.1    -0.2565  0.0459 -0.123  -0.1811
  -0.052  -0.0964 -0.2632]
 [-0.0212 -0.0244 -0.0329  0.2121  0.0542  0.0427 -0.0136  0.0146  0.0729
   0.0953  0.3108 -0.0274 -0.0056 -0.1346  0.122   0.329   0.0919  0.0803
   0.0078  0.0349 -0.671 ]
 [ 0.0211  0.0505  0.0371  0.422  -0.1363 -0.1037  0.0329 -0.0377 -0.1976
  -0.2675  0.6514  0.0292  0.0113  0.0138 -0.3486 -0.0913  0.1556 -0.2211
  -0.0183 -0.0831  0.1337]
 [-0.0368 -0.0177 -0.1064 -0.0384  0.5163  0.2939 -0.0911  0.1808 -0.0913
  -0.332  -0.1602 -0.072  -0.0484  0.1352 -0.4837  0.2341  0.0651 -0.1739
   0.129   0.191  -0.0528]
 [ 0.0017  0.0588  0.0113 -0.002   0.5995  0.2412  0.1812 -0.4326 -0.0293
   0.0228  0.0176  0.0063 -0.1415 -0.0259  0.027  -0.0359 -0.0139 -0.0011
  -0.0158 -0.2123  0.0023]
 [ 0.0186  0.0934  0.1606 -0.0794  0.4615  0.1052 -0.1127  0.2922 -0.187
   0.1062  0.2245  0.0863 -0.1788 -0.4755  0.1843 -0.5385 -0.2185 -0.0127
  -0.3072  0.023   0.0186]
 [ 0.0012 -0.      0.034  -0.0381  0.0109  0.0065  0.0065 -0.0193  0.73
  -0.27    0.0506  0.0161 -0.0013 -0.1451 -0.1462 -0.1305 -0.0585  0.1443
  -0.0693 -0.0043 -0.0004]
 [-0.0004 -0.0158  0.0043  0.0884  0.0416  0.0488 -0.0053  0.0195  0.1973
   0.5068 -0.0382 -0.0007  0.026  -0.0658 -0.4932 -0.0203  0.044  -0.5064
  -0.0059  0.0337  0.0005]
 [ 0.0079 -0.0152 -0.0317 -0.698  -0.0124  0.0147  0.0029 -0.0102  0.0043
   0.0464  0.302   0.0198  0.0309  0.1681 -0.0553  0.1117 -0.326  -0.0451
   0.046   0.0163  0.011 ]
 [-0.0258 -0.0027 -0.6193  0.0354 -0.0015  0.0028  0.0006 -0.0022 -0.0026
  -0.002  -0.013   0.3807  0.0057 -0.0556  0.0008 -0.0034  0.0174  0.0029
   0.0027  0.0026  0.0022]
 [ 0.0144 -0.2647  0.0221 -0.0331 -0.0687  0.2543  0.0332 -0.1264 -0.0988
  -0.0186  0.0098 -0.0168  0.5587 -0.4592 -0.0733  0.0832  0.0301  0.0727
   0.0749  0.1838  0.0329]
 [-0.0334 -0.122   0.0047  0.0446  0.0447  0.0985 -0.001   0.0032  0.0047
  -0.0038 -0.0064  0.0196  0.2628  0.549   0.0093 -0.4753 -0.0704 -0.0017
  -0.1857 -0.0121 -0.1028]
 [-0.0462 -0.156   0.0365  0.1063  0.2658 -0.0972 -0.0754  0.348   0.0928
  -0.0669 -0.0136  0.0197  0.3352 -0.0051  0.2983  0.3886 -0.1212 -0.3371
  -0.1662 -0.9208  0.0779]
 [-0.4753  0.0088  0.279   0.3603 -0.004   0.0499  0.0279 -0.1407 -0.0136
   0.0159 -0.0305  0.1153 -0.0195  0.2768 -0.0516  0.3038 -0.6404  0.1338
  -0.6643  0.4579  0.0682]
 [-0.6302  0.0014  0.2628 -0.1579 -0.0156  0.0091 -0.0091  0.0485 -0.0049
   0.0102  0.0109  0.0842 -0.0024 -0.0596 -0.0513 -0.0538  0.4768  0.1282
   0.2974 -0.2057 -0.012 ]
 [ 0.0903 -0.0068 -0.03    0.117   0.0145 -0.0227 -0.0196  0.1027 -0.03
   0.0669 -0.0083 -0.0088  0.0127  0.026  -0.2961 -0.0044 -0.3202  0.9382
   0.0119 -0.5087 -0.0005]
 [-0.0597  0.01    0.0397  0.3038 -0.0595  0.0581 -0.0007  0.0064  0.0085
  -0.0195 -0.0208  0.0114 -0.0171  0.0246  0.0782 -0.0662 -0.8693 -0.3575
   0.5689 -0.0056 -0.0139]
 [-0.0252 -0.0354  0.0081  0.0172  0.2515 -0.8975  0.0131 -0.0714 -0.0017
   0.0083 -0.0011  0.0014  0.0589 -0.019   0.014  -0.0045 -0.0694 -0.0715
   0.2116  0.4121 -0.0018]
 [ 1.      1.      1.      1.      1.      1.      1.      1.      1.
   1.      1.      1.      1.      1.      1.      1.      1.      1.
   1.      1.      1.    ]]
=> Best simplex found with volume: 1.91489623509

Optimization costs: 5.12 minutes
solution simplex volumn:  1.9149
recovered (21, 72)
[[ 1.     0.    -0.    ... -0.    -0.     0.   ]
 [ 1.    -0.    -0.    ... -0.     0.    -0.   ]
 [ 1.     0.     0.    ... -0.    -0.     0.   ]
 ...
 [ 1.    -0.    -0.003 ...  0.     0.    -0.   ]
 [ 0.944 -0.042  0.326 ... -0.    -0.     0.   ]
 [ 1.    -0.     0.    ... -1.824  1.166 -0.925]]
Minimum weight: -3.92804175055e-08
Number of points with negative weights (< -1e-5): 0
Number of points with negative weights (< -0.1): 0
Number of points with negative weights (< -0.5): 0
Number of points with negative weights (< -1): 0
Saving recovered results to: ./results_mves/wolf-21/result.txt
